#
# There is insufficient memory for the Java Runtime Environment to continue.
# Native memory allocation (mmap) failed to map 134217728 bytes. Error detail: G1 virtual space
# Possible reasons:
#   The system is out of physical RAM or swap space
#   This process is running with CompressedOops enabled, and the Java Heap may be blocking the growth of the native heap
# Possible solutions:
#   Reduce memory load on the system
#   Increase physical memory or swap space
#   Check if swap backing store is full
#   Decrease Java heap size (-Xmx/-Xms)
#   Decrease number of Java threads
#   Decrease Java thread stack sizes (-Xss)
#   Set larger code cache with -XX:ReservedCodeCacheSize=
#   JVM is running with Unscaled Compressed Oops mode in which the Java heap is
#     placed in the first 4GB address space. The Java Heap base address is the
#     maximum limit for the native heap growth. Please use -XX:HeapBaseMinAddress
#     to set the Java Heap base and to place the Java Heap above 4GB virtual address.
# This output file may be truncated or incomplete.
#
#  Out of Memory Error (os_windows.cpp:3703), pid=13532, tid=25092
#
# JRE version:  (23.0+37) (build )
# Java VM: OpenJDK 64-Bit Server VM (23+37-2369, mixed mode, sharing, tiered, compressed oops, compressed class ptrs, g1 gc, windows-amd64)
# No core dump will be written. Minidumps are not enabled by default on client versions of Windows
#

---------------  S U M M A R Y ------------

Command Line: -Dnet.bytebuddy.agent.attacher.dump= net.bytebuddy.agent.Attacher com.sun.tools.attach.VirtualMachine 51068 C:\Users\DELL USER\.m2\repository\net\bytebuddy\byte-buddy-agent\1.15.4\byte-buddy-agent-1.15.4.jar false 

Host: Intel(R) Core(TM) i5-6300U CPU @ 2.40GHz, 4 cores, 7G,  Windows 11 , 64 bit Build 22000 (10.0.22000.2538)
Time: Wed Apr  9 18:16:13 2025 W. Central Africa Standard Time elapsed time: 0.520306 seconds (0d 0h 0m 0s)

---------------  T H R E A D  ---------------

Current thread (0x0000022c385a09c0):  JavaThread "Unknown thread" [_thread_in_vm, id=25092, stack(0x000000f1f6400000,0x000000f1f6500000) (1024K)]

Stack: [0x000000f1f6400000,0x000000f1f6500000]
Native frames: (J=compiled Java code, j=interpreted, Vv=VM code, C=native code)
V  [jvm.dll+0x6e08a9]  (no source info available)
V  [jvm.dll+0x87da63]  (no source info available)
V  [jvm.dll+0x87feee]  (no source info available)
V  [jvm.dll+0x8805c3]  (no source info available)
V  [jvm.dll+0x27aee6]  (no source info available)
V  [jvm.dll+0x6dd1b5]  (no source info available)
V  [jvm.dll+0x6d103a]  (no source info available)
V  [jvm.dll+0x35b3ea]  (no source info available)
V  [jvm.dll+0x3637f6]  (no source info available)
V  [jvm.dll+0x34fd5e]  (no source info available)
V  [jvm.dll+0x34fff8]  (no source info available)
V  [jvm.dll+0x3289cc]  (no source info available)
V  [jvm.dll+0x32966e]  (no source info available)
V  [jvm.dll+0x8442e5]  (no source info available)
V  [jvm.dll+0x3b9848]  (no source info available)
V  [jvm.dll+0x82d0dc]  (no source info available)
V  [jvm.dll+0x454d4e]  (no source info available)
V  [jvm.dll+0x456bd1]  (no source info available)
C  [jli.dll+0x52a3]  (no source info available)
C  [ucrtbase.dll+0x26c0c]  (no source info available)
C  [KERNEL32.DLL+0x153e0]  (no source info available)
C  [ntdll.dll+0x485b]  (no source info available)

Lock stack of current Java thread (top to bottom):


---------------  P R O C E S S  ---------------

Threads class SMR info:
_java_thread_list=0x00007ffdfa8c3618, length=0, elements={
}

Java Threads: ( => current thread )
Total: 0

Other Threads:
  0x0000022c3a833090 WorkerThread "GC Thread#0"                     [id=28224, stack(0x000000f1f6500000,0x000000f1f6600000) (1024K)]
  0x0000022c3a847b80 ConcurrentGCThread "G1 Main Marker"            [id=39376, stack(0x000000f1f6600000,0x000000f1f6700000) (1024K)]
  0x0000022c3a848740 WorkerThread "G1 Conc#0"                       [id=5948, stack(0x000000f1f6700000,0x000000f1f6800000) (1024K)]

[error occurred during error reporting (printing all threads), id 0xc0000005, EXCEPTION_ACCESS_VIOLATION (0xc0000005) at pc=0x00007ffdfa00bfba]
VM state: not at safepoint (not fully initialized)

VM Mutex/Monitor currently owned by a thread:  ([mutex/lock_event])
[0x00007ffdfa943a10] Heap_lock - owner thread: 0x0000022c385a09c0

Heap address: 0x0000000081c00000, size: 2020 MB, Compressed Oops mode: 32-bit

CDS archive(s) mapped at: [0x0000000000000000-0x0000000000000000-0x0000000000000000), size 0, SharedBaseAddress: 0x0000000800000000, ArchiveRelocationMode: 1.
Narrow klass base: 0x0000000000000000, Narrow klass shift: 0, Narrow klass range: 0x0

GC Precious Log:
 CardTable entry size: 512
 Card Set container configuration: InlinePtr #cards 5 size 8 Array Of Cards #cards 10 size 36 Howl #buckets 4 coarsen threshold 1843 Howl Bitmap #cards 512 size 80 coarsen threshold 460 Card regions per heap region 1 cards per card region 2048

Heap:
 garbage-first heap   total reserved 2068480K, committed 0K, used 0K [0x0000000081c00000, 0x0000000100000000)
  region size 1024K, 0 young (0K), 0 survivors (0K)

[error occurred during error reporting (printing heap information), id 0xc0000005, EXCEPTION_ACCESS_VIOLATION (0xc0000005) at pc=0x00007ffdfa40c3b9]
GC Heap History (0 events):
No events

Dll operation events (1 events):
Event: 0.230 Loaded shared library C:\Users\DELL USER\.jdks\openjdk-23\bin\java.dll

Deoptimization events (0 events):
No events

Classes loaded (0 events):
No events

Classes unloaded (0 events):
No events

Classes redefined (0 events):
No events

Internal exceptions (0 events):
No events

VM Operations (0 events):
No events

Memory protections (0 events):
No events

Nmethod flushes (0 events):
No events

Events (0 events):
No events


Dynamic libraries:
0x00007ff65da20000 - 0x00007ff65da2e000 	C:\Users\DELL USER\.jdks\openjdk-23\bin\java.exe
0x00007ffe791a0000 - 0x00007ffe793a9000 	C:\Windows\SYSTEM32\ntdll.dll
0x00007ffe773f0000 - 0x00007ffe774ad000 	C:\Windows\System32\KERNEL32.DLL
0x00007ffe76630000 - 0x00007ffe769b4000 	C:\Windows\System32\KERNELBASE.dll
0x00007ffe76a80000 - 0x00007ffe76b91000 	C:\Windows\System32\ucrtbase.dll
0x00007ffe717f0000 - 0x00007ffe71807000 	C:\Users\DELL USER\.jdks\openjdk-23\bin\jli.dll
0x00007ffe717d0000 - 0x00007ffe717eb000 	C:\Users\DELL USER\.jdks\openjdk-23\bin\VCRUNTIME140.dll
0x00007ffe77f70000 - 0x00007ffe7811d000 	C:\Windows\System32\USER32.dll
0x00007ffe76e50000 - 0x00007ffe76e76000 	C:\Windows\System32\win32u.dll
0x00007ffe79080000 - 0x00007ffe790aa000 	C:\Windows\System32\GDI32.dll
0x00007ffe75830000 - 0x00007ffe75ad5000 	C:\Windows\WinSxS\amd64_microsoft.windows.common-controls_6595b64144ccf1df_6.0.22000.120_none_9d947278b86cc467\COMCTL32.dll
0x00007ffe76ba0000 - 0x00007ffe76cbe000 	C:\Windows\System32\gdi32full.dll
0x00007ffe77340000 - 0x00007ffe773e3000 	C:\Windows\System32\msvcrt.dll
0x00007ffe76cc0000 - 0x00007ffe76d5d000 	C:\Windows\System32\msvcp_win.dll
0x00007ffe78230000 - 0x00007ffe78261000 	C:\Windows\System32\IMM32.DLL
0x00007ffe5e2b0000 - 0x00007ffe5e2bc000 	C:\Users\DELL USER\.jdks\openjdk-23\bin\vcruntime140_1.dll
0x00007ffe3c760000 - 0x00007ffe3c7ee000 	C:\Users\DELL USER\.jdks\openjdk-23\bin\msvcp140.dll
0x00007ffdf9cd0000 - 0x00007ffdfaa1f000 	C:\Users\DELL USER\.jdks\openjdk-23\bin\server\jvm.dll
0x00007ffe77ec0000 - 0x00007ffe77f6e000 	C:\Windows\System32\ADVAPI32.dll
0x00007ffe78190000 - 0x00007ffe7822e000 	C:\Windows\System32\sechost.dll
0x00007ffe771e0000 - 0x00007ffe77301000 	C:\Windows\System32\RPCRT4.dll
0x00007ffe78120000 - 0x00007ffe7818f000 	C:\Windows\System32\WS2_32.dll
0x00007ffe76500000 - 0x00007ffe7654d000 	C:\Windows\SYSTEM32\POWRPROF.dll
0x00007ffe709e0000 - 0x00007ffe70a13000 	C:\Windows\SYSTEM32\WINMM.dll
0x00007ffe74e80000 - 0x00007ffe74e8a000 	C:\Windows\SYSTEM32\VERSION.dll
0x00007ffe76430000 - 0x00007ffe76443000 	C:\Windows\SYSTEM32\UMPDC.dll
0x00007ffe74780000 - 0x00007ffe74798000 	C:\Windows\SYSTEM32\kernel.appcore.dll
0x00007ffe588f0000 - 0x00007ffe588fa000 	C:\Users\DELL USER\.jdks\openjdk-23\bin\jimage.dll
0x00007ffe75ed0000 - 0x00007ffe760f1000 	C:\Windows\SYSTEM32\DBGHELP.DLL
0x00007ffe75da0000 - 0x00007ffe75dd1000 	C:\Windows\SYSTEM32\dbgcore.DLL
0x00007ffe76d60000 - 0x00007ffe76ddf000 	C:\Windows\System32\bcryptPrimitives.dll
0x00007ffe57dc0000 - 0x00007ffe57dde000 	C:\Users\DELL USER\.jdks\openjdk-23\bin\java.dll
0x00007ffe776a0000 - 0x00007ffe7783a000 	C:\Windows\System32\ole32.dll
0x00007ffe77840000 - 0x00007ffe77bb6000 	C:\Windows\System32\combase.dll
0x00007ffe788b0000 - 0x00007ffe79075000 	C:\Windows\System32\SHELL32.dll

dbghelp: loaded successfully - version: 4.0.5 - missing functions: none
symbol engine: initialized successfully - sym options: 0x614 - pdb path: .;C:\Users\DELL USER\.jdks\openjdk-23\bin;C:\Windows\SYSTEM32;C:\Windows\WinSxS\amd64_microsoft.windows.common-controls_6595b64144ccf1df_6.0.22000.120_none_9d947278b86cc467;C:\Users\DELL USER\.jdks\openjdk-23\bin\server

VM Arguments:
jvm_args: -Dnet.bytebuddy.agent.attacher.dump= 
java_command: net.bytebuddy.agent.Attacher com.sun.tools.attach.VirtualMachine 51068 C:\Users\DELL USER\.m2\repository\net\bytebuddy\byte-buddy-agent\1.15.4\byte-buddy-agent-1.15.4.jar false 
java_class_path (initial): C:\Users\DELL USER\.m2\repository\net\bytebuddy\byte-buddy-agent\1.15.4\byte-buddy-agent-1.15.4.jar
Launcher Type: SUN_STANDARD

[Global flags]
     intx CICompilerCount                          = 3                                         {product} {ergonomic}
     uint ConcGCThreads                            = 1                                         {product} {ergonomic}
     uint G1ConcRefinementThreads                  = 4                                         {product} {ergonomic}
   size_t G1HeapRegionSize                         = 1048576                                   {product} {ergonomic}
   size_t InitialHeapSize                          = 134217728                                 {product} {ergonomic}
   size_t MarkStackSize                            = 4194304                                   {product} {ergonomic}
   size_t MarkStackSizeMax                         = 536870912                                 {product} {ergonomic}
   size_t MaxHeapSize                              = 2118123520                                {product} {ergonomic}
   size_t MinHeapDeltaBytes                        = 1048576                                   {product} {ergonomic}
   size_t MinHeapSize                              = 8388608                                   {product} {ergonomic}
    uintx NonNMethodCodeHeapSize                   = 5832704                                {pd product} {ergonomic}
    uintx NonProfiledCodeHeapSize                  = 122945536                              {pd product} {ergonomic}
    uintx ProfiledCodeHeapSize                     = 122880000                              {pd product} {ergonomic}
    uintx ReservedCodeCacheSize                    = 251658240                              {pd product} {ergonomic}
     bool SegmentedCodeCache                       = true                                      {product} {ergonomic}
   size_t SoftMaxHeapSize                          = 2118123520                             {manageable} {ergonomic}
     bool UseCompressedOops                        = true                           {product lp64_product} {ergonomic}
     bool UseG1GC                                  = true                                      {product} {ergonomic}
     bool UseLargePagesIndividualAllocation        = false                                  {pd product} {ergonomic}

Logging:
Log output configuration:
 #0: stdout all=warning uptime,level,tags foldmultilines=false
 #1: stderr all=off uptime,level,tags foldmultilines=false

Environment Variables:
JAVA_HOME=C:\Program Files\Java\jdk-22
PATH=C:\Program Files\Common Files\Oracle\Java\javapath;C:\Windows\system32;C:\Windows;C:\Windows\System32\Wbem;C:\Windows\System32\WindowsPowerShell\v1.0\;C:\Windows\System32\OpenSSH\;C:\Program Files\Java\jdk-22\bin;C:\Program Files\nodejs\;C:\Program Files\Go\bin;C:\Program Files\PostgreSQL\17\bin\;C:\Program Files\PostgreSQL\16\bin;C:\Program Files\Git\cmd;C:\Program Files\LLVM\bin;C:\ProgramData\chocolatey\bin;C:\Users\samibyrone\.cargo\bin;C:\Users\DELL USER\Downloads\sui-mainnet-v1.44.3-windows-x86_64;C:\Users\DELL USER\AppData\Local\Programs\Python\Python313\Scripts\;C:\Users\DELL USER\AppData\Local\Programs\Python\Python313\;C:\Users\DELL USER\.cargo\bin;C:\Program Files\Common Files\Oracle\Java\javapath;C:\Windows\system32;C:\Windows;C:\Windows\System32\Wbem;C:\Windows\System32\WindowsPowerShell\v1.0\;C:\Windows\System32\OpenSSH\;C:\Program Files\Java\jdk-22\bin;C:\Program Files\nodejs\;C:\Program Files\Go\bin;C:\Program Files\PostgreSQL\17\bin\;C:\Program Files\PostgreSQL\16\bin;C:\Program Files\Git\cmd;C:\Program Files\LLVM\bin;C:\ProgramData\chocolatey\bin;C:\Users\samibyrone\.cargo\bin;C:\Users\DELL USER\Downloads\sui-mainnet-v1.44.3-windows-x86_64;;C:\Program Files (x86)\Microsoft Visual Studio\2019\Community\VC\Tools\MSVC\14.29.30133\bin\Hostx64\x64;C:\Users\DELL USER\AppData\Local\Programs\Microsoft VS Code\bin
USERNAME=DELL USER
OS=Windows_NT
PROCESSOR_IDENTIFIER=Intel64 Family 6 Model 78 Stepping 3, GenuineIntel
TMP=C:\Users\DELLUS~1\AppData\Local\Temp
TEMP=C:\Users\DELLUS~1\AppData\Local\Temp




Periodic native trim disabled

---------------  S Y S T E M  ---------------

OS:
 Windows 11 , 64 bit Build 22000 (10.0.22000.2538)
OS uptime: 7 days 19:29 hours
Hyper-V role detected

CPU: total 4 (initial active 4) (2 cores per cpu, 2 threads per core) family 6 model 78 stepping 3 microcode 0xd6, cx8, cmov, fxsr, ht, mmx, 3dnowpref, sse, sse2, sse3, ssse3, sse4.1, sse4.2, popcnt, lzcnt, tsc, tscinvbit, avx, avx2, aes, erms, clmul, bmi1, bmi2, rtm, adx, fma, vzeroupper, clflush, clflushopt, hv, rdtscp, f16c
Processor Information for the first 4 processors :
  Max Mhz: 2501, Current Mhz: 2501, Mhz Limit: 2501

Memory: 4k page, system-wide physical 8076M (318M free)
TotalPageFile size 32652M (AvailPageFile size 6M)
current process WorkingSet (physical memory assigned to process): 11M, peak: 11M
current process commit charge ("private bytes"): 52M, peak: 180M

vm_info: OpenJDK 64-Bit Server VM (23+37-2369) for windows-amd64 JRE (23+37-2369), built on 2024-08-20T16:01:23Z with MS VC++ 17.6 (VS2022)

END.
