#
# There is insufficient memory for the Java Runtime Environment to continue.
# Native memory allocation (malloc) failed to allocate 1303472 bytes. Error detail: Chunk::new
# Possible reasons:
#   The system is out of physical RAM or swap space
#   This process is running with CompressedOops enabled, and the Java Heap may be blocking the growth of the native heap
# Possible solutions:
#   Reduce memory load on the system
#   Increase physical memory or swap space
#   Check if swap backing store is full
#   Decrease Java heap size (-Xmx/-Xms)
#   Decrease number of Java threads
#   Decrease Java thread stack sizes (-Xss)
#   Set larger code cache with -XX:ReservedCodeCacheSize=
#   JVM is running with Unscaled Compressed Oops mode in which the Java heap is
#     placed in the first 4GB address space. The Java Heap base address is the
#     maximum limit for the native heap growth. Please use -XX:HeapBaseMinAddress
#     to set the Java Heap base and to place the Java Heap above 4GB virtual address.
# This output file may be truncated or incomplete.
#
#  Out of Memory Error (arena.cpp:149), pid=13452, tid=4940
#
# JRE version: OpenJDK Runtime Environment (23.0+37) (build 23+37-2369)
# Java VM: OpenJDK 64-Bit Server VM (23+37-2369, mixed mode, sharing, tiered, compressed oops, compressed class ptrs, g1 gc, windows-amd64)
# No core dump will be written. Minidumps are not enabled by default on client versions of Windows
#

---------------  S U M M A R Y ------------

Command Line: -ea --enable-preview -Didea.test.cyclic.buffer.size=1048576 -javaagent:C:\Program Files\JetBrains\IntelliJ IDEA 2024.2.0.1\lib\idea_rt.jar=54263:C:\Program Files\JetBrains\IntelliJ IDEA 2024.2.0.1\bin -Dfile.encoding=UTF-8 -Dsun.stdout.encoding=UTF-8 -Dsun.stderr.encoding=UTF-8 com.intellij.rt.junit.JUnitStarter -ideVersion5 -junit5 com.semicolon.africa.service.UserServiceImplementationTest

Host: Intel(R) Core(TM) i5-6300U CPU @ 2.40GHz, 4 cores, 7G,  Windows 11 , 64 bit Build 22000 (10.0.22000.2538)
Time: Wed Apr  9 18:15:40 2025 W. Central Africa Standard Time elapsed time: 5.074560 seconds (0d 0h 0m 5s)

---------------  T H R E A D  ---------------

Current thread (0x000001f764fa3350):  JavaThread "C2 CompilerThread0" daemon [_thread_in_native, id=4940, stack(0x000000ccae500000,0x000000ccae600000) (1024K)]


Current CompileTask:
C2:5074 1834       4       jdk.internal.loader.URLClassPath::getResource (74 bytes)

Stack: [0x000000ccae500000,0x000000ccae600000]
Native frames: (J=compiled Java code, j=interpreted, Vv=VM code, C=native code)
V  [jvm.dll+0x6e08a9]  (no source info available)
V  [jvm.dll+0x87da63]  (no source info available)
V  [jvm.dll+0x87feee]  (no source info available)
V  [jvm.dll+0x8805c3]  (no source info available)
V  [jvm.dll+0x27aee6]  (no source info available)
V  [jvm.dll+0xbc06f]  (no source info available)
V  [jvm.dll+0xbc2cb]  (no source info available)
V  [jvm.dll+0x3b3a9c]  (no source info available)
V  [jvm.dll+0x38a42b]  (no source info available)
V  [jvm.dll+0x38989a]  (no source info available)
V  [jvm.dll+0x244aa1]  (no source info available)
V  [jvm.dll+0x243dff]  (no source info available)
V  [jvm.dll+0x1c33a0]  (no source info available)
V  [jvm.dll+0x253cf1]  (no source info available)
V  [jvm.dll+0x251faa]  (no source info available)
V  [jvm.dll+0x3ee036]  (no source info available)
V  [jvm.dll+0x824f1b]  (no source info available)
V  [jvm.dll+0x6df055]  (no source info available)
C  [ucrtbase.dll+0x26c0c]  (no source info available)
C  [KERNEL32.DLL+0x153e0]  (no source info available)
C  [ntdll.dll+0x485b]  (no source info available)

Lock stack of current Java thread (top to bottom):


---------------  P R O C E S S  ---------------

Threads class SMR info:
_java_thread_list=0x000001f7451a5040, length=12, elements={
0x000001f74684eb40, 0x000001f764f9a990, 0x000001f764f9d910, 0x000001f764f9f4e0,
0x000001f764fa1100, 0x000001f764fa1b60, 0x000001f764fa25c0, 0x000001f764fa3350,
0x000001f745020720, 0x000001f74507eff0, 0x000001f745240420, 0x000001f7451f2b20
}

Java Threads: ( => current thread )
  0x000001f74684eb40 JavaThread "main"                              [_thread_in_vm, id=20856, stack(0x000000ccad700000,0x000000ccad800000) (1024K)]
  0x000001f764f9a990 JavaThread "Reference Handler"          daemon [_thread_blocked, id=25492, stack(0x000000ccadf00000,0x000000ccae000000) (1024K)]
  0x000001f764f9d910 JavaThread "Finalizer"                  daemon [_thread_blocked, id=22328, stack(0x000000ccae000000,0x000000ccae100000) (1024K)]
  0x000001f764f9f4e0 JavaThread "Signal Dispatcher"          daemon [_thread_blocked, id=34416, stack(0x000000ccae100000,0x000000ccae200000) (1024K)]
  0x000001f764fa1100 JavaThread "Attach Listener"            daemon [_thread_blocked, id=42692, stack(0x000000ccae200000,0x000000ccae300000) (1024K)]
  0x000001f764fa1b60 JavaThread "Service Thread"             daemon [_thread_blocked, id=51836, stack(0x000000ccae300000,0x000000ccae400000) (1024K)]
  0x000001f764fa25c0 JavaThread "Monitor Deflation Thread"   daemon [_thread_blocked, id=17996, stack(0x000000ccae400000,0x000000ccae500000) (1024K)]
=>0x000001f764fa3350 JavaThread "C2 CompilerThread0"         daemon [_thread_in_native, id=4940, stack(0x000000ccae500000,0x000000ccae600000) (1024K)]
  0x000001f745020720 JavaThread "C1 CompilerThread0"         daemon [_thread_blocked, id=17512, stack(0x000000ccae600000,0x000000ccae700000) (1024K)]
  0x000001f74507eff0 JavaThread "Common-Cleaner"             daemon [_thread_blocked, id=21036, stack(0x000000ccae700000,0x000000ccae800000) (1024K)]
  0x000001f745240420 JavaThread "Monitor Ctrl-Break"         daemon [_thread_in_native, id=12340, stack(0x000000ccae800000,0x000000ccae900000) (1024K)]
  0x000001f7451f2b20 JavaThread "Notification Thread"        daemon [_thread_blocked, id=23344, stack(0x000000ccae900000,0x000000ccaea00000) (1024K)]
Total: 12

Other Threads:
  0x000001f764f819b0 VMThread "VM Thread"                           [id=28156, stack(0x000000ccade00000,0x000000ccadf00000) (1024K)]
  0x000001f764f70a00 WatcherThread "VM Periodic Task Thread"        [id=58088, stack(0x000000ccadd00000,0x000000ccade00000) (1024K)]
  0x000001f748b52cc0 WorkerThread "GC Thread#0"                     [id=40820, stack(0x000000ccad800000,0x000000ccad900000) (1024K)]
  0x000001f7459c2f00 WorkerThread "GC Thread#1"                     [id=6700, stack(0x000000ccaea00000,0x000000ccaeb00000) (1024K)]
  0x000001f7459c32b0 WorkerThread "GC Thread#2"                     [id=37148, stack(0x000000ccaeb00000,0x000000ccaec00000) (1024K)]
  0x000001f745844200 WorkerThread "GC Thread#3"                     [id=21076, stack(0x000000ccaec00000,0x000000ccaed00000) (1024K)]
  0x000001f748b678b0 ConcurrentGCThread "G1 Main Marker"            [id=45220, stack(0x000000ccad900000,0x000000ccada00000) (1024K)]
  0x000001f748b68570 WorkerThread "G1 Conc#0"                       [id=57684, stack(0x000000ccada00000,0x000000ccadb00000) (1024K)]
  0x000001f764e42560 ConcurrentGCThread "G1 Refine#0"               [id=51360, stack(0x000000ccadb00000,0x000000ccadc00000) (1024K)]
  0x000001f764e42ff0 ConcurrentGCThread "G1 Service"                [id=44092, stack(0x000000ccadc00000,0x000000ccadd00000) (1024K)]
Total: 10

Threads with active compile tasks:
C2 CompilerThread0  5224 1834       4       jdk.internal.loader.URLClassPath::getResource (74 bytes)
Total: 1

VM state: not at safepoint (normal execution)

VM Mutex/Monitor currently owned by a thread: None

Heap address: 0x0000000081c00000, size: 2020 MB, Compressed Oops mode: 32-bit

CDS archive(s) mapped at: [0x000001f700000000-0x000001f700d70000-0x000001f700d70000), size 14090240, SharedBaseAddress: 0x000001f700000000, ArchiveRelocationMode: 1.
Compressed class space mapped at: 0x000001f701000000-0x000001f741000000, reserved size: 1073741824
Narrow klass base: 0x000001f700000000, Narrow klass shift: 0, Narrow klass range: 0x41000000

GC Precious Log:
 CardTable entry size: 512
 Card Set container configuration: InlinePtr #cards 5 size 8 Array Of Cards #cards 10 size 36 Howl #buckets 4 coarsen threshold 1843 Howl Bitmap #cards 512 size 80 coarsen threshold 460 Card regions per heap region 1 cards per card region 2048
 CPUs: 4 total, 4 available
 Memory: 8076M
 Large Page Support: Disabled
 NUMA Support: Disabled
 Compressed Oops: Enabled (32-bit)
 Heap Region Size: 1M
 Heap Min Capacity: 8M
 Heap Initial Capacity: 128M
 Heap Max Capacity: 2020M
 Pre-touch: Disabled
 Parallel Workers: 4
 Concurrent Workers: 1
 Concurrent Refinement Workers: 4
 Periodic GC: Disabled

Heap:
 garbage-first heap   total reserved 2068480K, committed 131072K, used 21405K [0x0000000081c00000, 0x0000000100000000)
  region size 1024K, 15 young (15360K), 1 survivors (1024K)
 Metaspace       used 9622K, committed 9920K, reserved 1114112K
  class space    used 1223K, committed 1344K, reserved 1048576K

Heap Regions: E=young(eden), S=young(survivor), O=old, HS=humongous(starts), HC=humongous(continues), CS=collection set, F=free, TAMS=top-at-mark-start, PB=parsable bottom
|   0|0x0000000081c00000, 0x0000000081d00000, 0x0000000081d00000|100%|HS|  |TAMS 0x0000000081c00000| PB 0x0000000081c00000| Complete |  0
|   1|0x0000000081d00000, 0x0000000081e00000, 0x0000000081e00000|100%| O|  |TAMS 0x0000000081d00000| PB 0x0000000081d00000| Untracked |  0
|   2|0x0000000081e00000, 0x0000000081f00000, 0x0000000081f00000|100%| O|  |TAMS 0x0000000081e00000| PB 0x0000000081e00000| Untracked |  0
|   3|0x0000000081f00000, 0x0000000082000000, 0x0000000082000000|100%| O|  |TAMS 0x0000000081f00000| PB 0x0000000081f00000| Untracked |  0
|   4|0x0000000082000000, 0x0000000082100000, 0x0000000082100000|100%| O|  |TAMS 0x0000000082000000| PB 0x0000000082000000| Untracked |  0
|   5|0x0000000082100000, 0x0000000082200000, 0x0000000082200000|100%| O|  |TAMS 0x0000000082100000| PB 0x0000000082100000| Untracked |  0
|   6|0x0000000082200000, 0x00000000822e7710, 0x0000000082300000| 90%| O|  |TAMS 0x0000000082200000| PB 0x0000000082200000| Untracked |  0
|   7|0x0000000082300000, 0x0000000082300000, 0x0000000082400000|  0%| F|  |TAMS 0x0000000082300000| PB 0x0000000082300000| Untracked |  0
|   8|0x0000000082400000, 0x0000000082400000, 0x0000000082500000|  0%| F|  |TAMS 0x0000000082400000| PB 0x0000000082400000| Untracked |  0
|   9|0x0000000082500000, 0x0000000082500000, 0x0000000082600000|  0%| F|  |TAMS 0x0000000082500000| PB 0x0000000082500000| Untracked |  0
|  10|0x0000000082600000, 0x0000000082600000, 0x0000000082700000|  0%| F|  |TAMS 0x0000000082600000| PB 0x0000000082600000| Untracked |  0
|  11|0x0000000082700000, 0x0000000082700000, 0x0000000082800000|  0%| F|  |TAMS 0x0000000082700000| PB 0x0000000082700000| Untracked |  0
|  12|0x0000000082800000, 0x0000000082800000, 0x0000000082900000|  0%| F|  |TAMS 0x0000000082800000| PB 0x0000000082800000| Untracked |  0
|  13|0x0000000082900000, 0x0000000082900000, 0x0000000082a00000|  0%| F|  |TAMS 0x0000000082900000| PB 0x0000000082900000| Untracked |  0
|  14|0x0000000082a00000, 0x0000000082a00000, 0x0000000082b00000|  0%| F|  |TAMS 0x0000000082a00000| PB 0x0000000082a00000| Untracked |  0
|  15|0x0000000082b00000, 0x0000000082b00000, 0x0000000082c00000|  0%| F|  |TAMS 0x0000000082b00000| PB 0x0000000082b00000| Untracked |  0
|  16|0x0000000082c00000, 0x0000000082c00000, 0x0000000082d00000|  0%| F|  |TAMS 0x0000000082c00000| PB 0x0000000082c00000| Untracked |  0
|  17|0x0000000082d00000, 0x0000000082d00000, 0x0000000082e00000|  0%| F|  |TAMS 0x0000000082d00000| PB 0x0000000082d00000| Untracked |  0
|  18|0x0000000082e00000, 0x0000000082e00000, 0x0000000082f00000|  0%| F|  |TAMS 0x0000000082e00000| PB 0x0000000082e00000| Untracked |  0
|  19|0x0000000082f00000, 0x0000000082f00000, 0x0000000083000000|  0%| F|  |TAMS 0x0000000082f00000| PB 0x0000000082f00000| Untracked |  0
|  20|0x0000000083000000, 0x0000000083000000, 0x0000000083100000|  0%| F|  |TAMS 0x0000000083000000| PB 0x0000000083000000| Untracked |  0
|  21|0x0000000083100000, 0x0000000083100000, 0x0000000083200000|  0%| F|  |TAMS 0x0000000083100000| PB 0x0000000083100000| Untracked |  0
|  22|0x0000000083200000, 0x0000000083200000, 0x0000000083300000|  0%| F|  |TAMS 0x0000000083200000| PB 0x0000000083200000| Untracked |  0
|  23|0x0000000083300000, 0x0000000083300000, 0x0000000083400000|  0%| F|  |TAMS 0x0000000083300000| PB 0x0000000083300000| Untracked |  0
|  24|0x0000000083400000, 0x0000000083400000, 0x0000000083500000|  0%| F|  |TAMS 0x0000000083400000| PB 0x0000000083400000| Untracked |  0
|  25|0x0000000083500000, 0x0000000083500000, 0x0000000083600000|  0%| F|  |TAMS 0x0000000083500000| PB 0x0000000083500000| Untracked |  0
|  26|0x0000000083600000, 0x0000000083600000, 0x0000000083700000|  0%| F|  |TAMS 0x0000000083600000| PB 0x0000000083600000| Untracked |  0
|  27|0x0000000083700000, 0x0000000083700000, 0x0000000083800000|  0%| F|  |TAMS 0x0000000083700000| PB 0x0000000083700000| Untracked |  0
|  28|0x0000000083800000, 0x0000000083800000, 0x0000000083900000|  0%| F|  |TAMS 0x0000000083800000| PB 0x0000000083800000| Untracked |  0
|  29|0x0000000083900000, 0x0000000083900000, 0x0000000083a00000|  0%| F|  |TAMS 0x0000000083900000| PB 0x0000000083900000| Untracked |  0
|  30|0x0000000083a00000, 0x0000000083a00000, 0x0000000083b00000|  0%| F|  |TAMS 0x0000000083a00000| PB 0x0000000083a00000| Untracked |  0
|  31|0x0000000083b00000, 0x0000000083b00000, 0x0000000083c00000|  0%| F|  |TAMS 0x0000000083b00000| PB 0x0000000083b00000| Untracked |  0
|  32|0x0000000083c00000, 0x0000000083c00000, 0x0000000083d00000|  0%| F|  |TAMS 0x0000000083c00000| PB 0x0000000083c00000| Untracked |  0
|  33|0x0000000083d00000, 0x0000000083d00000, 0x0000000083e00000|  0%| F|  |TAMS 0x0000000083d00000| PB 0x0000000083d00000| Untracked |  0
|  34|0x0000000083e00000, 0x0000000083e00000, 0x0000000083f00000|  0%| F|  |TAMS 0x0000000083e00000| PB 0x0000000083e00000| Untracked |  0
|  35|0x0000000083f00000, 0x0000000083f00000, 0x0000000084000000|  0%| F|  |TAMS 0x0000000083f00000| PB 0x0000000083f00000| Untracked |  0
|  36|0x0000000084000000, 0x0000000084000000, 0x0000000084100000|  0%| F|  |TAMS 0x0000000084000000| PB 0x0000000084000000| Untracked |  0
|  37|0x0000000084100000, 0x0000000084100000, 0x0000000084200000|  0%| F|  |TAMS 0x0000000084100000| PB 0x0000000084100000| Untracked |  0
|  38|0x0000000084200000, 0x0000000084200000, 0x0000000084300000|  0%| F|  |TAMS 0x0000000084200000| PB 0x0000000084200000| Untracked |  0
|  39|0x0000000084300000, 0x0000000084300000, 0x0000000084400000|  0%| F|  |TAMS 0x0000000084300000| PB 0x0000000084300000| Untracked |  0
|  40|0x0000000084400000, 0x0000000084400000, 0x0000000084500000|  0%| F|  |TAMS 0x0000000084400000| PB 0x0000000084400000| Untracked |  0
|  41|0x0000000084500000, 0x0000000084500000, 0x0000000084600000|  0%| F|  |TAMS 0x0000000084500000| PB 0x0000000084500000| Untracked |  0
|  42|0x0000000084600000, 0x0000000084600000, 0x0000000084700000|  0%| F|  |TAMS 0x0000000084600000| PB 0x0000000084600000| Untracked |  0
|  43|0x0000000084700000, 0x0000000084700000, 0x0000000084800000|  0%| F|  |TAMS 0x0000000084700000| PB 0x0000000084700000| Untracked |  0
|  44|0x0000000084800000, 0x0000000084800000, 0x0000000084900000|  0%| F|  |TAMS 0x0000000084800000| PB 0x0000000084800000| Untracked |  0
|  45|0x0000000084900000, 0x0000000084900000, 0x0000000084a00000|  0%| F|  |TAMS 0x0000000084900000| PB 0x0000000084900000| Untracked |  0
|  46|0x0000000084a00000, 0x0000000084a00000, 0x0000000084b00000|  0%| F|  |TAMS 0x0000000084a00000| PB 0x0000000084a00000| Untracked |  0
|  47|0x0000000084b00000, 0x0000000084b00000, 0x0000000084c00000|  0%| F|  |TAMS 0x0000000084b00000| PB 0x0000000084b00000| Untracked |  0
|  48|0x0000000084c00000, 0x0000000084c00000, 0x0000000084d00000|  0%| F|  |TAMS 0x0000000084c00000| PB 0x0000000084c00000| Untracked |  0
|  49|0x0000000084d00000, 0x0000000084d00000, 0x0000000084e00000|  0%| F|  |TAMS 0x0000000084d00000| PB 0x0000000084d00000| Untracked |  0
|  50|0x0000000084e00000, 0x0000000084e00000, 0x0000000084f00000|  0%| F|  |TAMS 0x0000000084e00000| PB 0x0000000084e00000| Untracked |  0
|  51|0x0000000084f00000, 0x0000000084f00000, 0x0000000085000000|  0%| F|  |TAMS 0x0000000084f00000| PB 0x0000000084f00000| Untracked |  0
|  52|0x0000000085000000, 0x0000000085000000, 0x0000000085100000|  0%| F|  |TAMS 0x0000000085000000| PB 0x0000000085000000| Untracked |  0
|  53|0x0000000085100000, 0x0000000085100000, 0x0000000085200000|  0%| F|  |TAMS 0x0000000085100000| PB 0x0000000085100000| Untracked |  0
|  54|0x0000000085200000, 0x0000000085200000, 0x0000000085300000|  0%| F|  |TAMS 0x0000000085200000| PB 0x0000000085200000| Untracked |  0
|  55|0x0000000085300000, 0x0000000085300000, 0x0000000085400000|  0%| F|  |TAMS 0x0000000085300000| PB 0x0000000085300000| Untracked |  0
|  56|0x0000000085400000, 0x0000000085400000, 0x0000000085500000|  0%| F|  |TAMS 0x0000000085400000| PB 0x0000000085400000| Untracked |  0
|  57|0x0000000085500000, 0x0000000085500000, 0x0000000085600000|  0%| F|  |TAMS 0x0000000085500000| PB 0x0000000085500000| Untracked |  0
|  58|0x0000000085600000, 0x0000000085600000, 0x0000000085700000|  0%| F|  |TAMS 0x0000000085600000| PB 0x0000000085600000| Untracked |  0
|  59|0x0000000085700000, 0x0000000085700000, 0x0000000085800000|  0%| F|  |TAMS 0x0000000085700000| PB 0x0000000085700000| Untracked |  0
|  60|0x0000000085800000, 0x0000000085800000, 0x0000000085900000|  0%| F|  |TAMS 0x0000000085800000| PB 0x0000000085800000| Untracked |  0
|  61|0x0000000085900000, 0x0000000085900000, 0x0000000085a00000|  0%| F|  |TAMS 0x0000000085900000| PB 0x0000000085900000| Untracked |  0
|  62|0x0000000085a00000, 0x0000000085a00000, 0x0000000085b00000|  0%| F|  |TAMS 0x0000000085a00000| PB 0x0000000085a00000| Untracked |  0
|  63|0x0000000085b00000, 0x0000000085b00000, 0x0000000085c00000|  0%| F|  |TAMS 0x0000000085b00000| PB 0x0000000085b00000| Untracked |  0
|  64|0x0000000085c00000, 0x0000000085c00000, 0x0000000085d00000|  0%| F|  |TAMS 0x0000000085c00000| PB 0x0000000085c00000| Untracked |  0
|  65|0x0000000085d00000, 0x0000000085d00000, 0x0000000085e00000|  0%| F|  |TAMS 0x0000000085d00000| PB 0x0000000085d00000| Untracked |  0
|  66|0x0000000085e00000, 0x0000000085e00000, 0x0000000085f00000|  0%| F|  |TAMS 0x0000000085e00000| PB 0x0000000085e00000| Untracked |  0
|  67|0x0000000085f00000, 0x0000000085f00000, 0x0000000086000000|  0%| F|  |TAMS 0x0000000085f00000| PB 0x0000000085f00000| Untracked |  0
|  68|0x0000000086000000, 0x0000000086000000, 0x0000000086100000|  0%| F|  |TAMS 0x0000000086000000| PB 0x0000000086000000| Untracked |  0
|  69|0x0000000086100000, 0x0000000086100000, 0x0000000086200000|  0%| F|  |TAMS 0x0000000086100000| PB 0x0000000086100000| Untracked |  0
|  70|0x0000000086200000, 0x0000000086200000, 0x0000000086300000|  0%| F|  |TAMS 0x0000000086200000| PB 0x0000000086200000| Untracked |  0
|  71|0x0000000086300000, 0x0000000086300000, 0x0000000086400000|  0%| F|  |TAMS 0x0000000086300000| PB 0x0000000086300000| Untracked |  0
|  72|0x0000000086400000, 0x0000000086400000, 0x0000000086500000|  0%| F|  |TAMS 0x0000000086400000| PB 0x0000000086400000| Untracked |  0
|  73|0x0000000086500000, 0x0000000086500000, 0x0000000086600000|  0%| F|  |TAMS 0x0000000086500000| PB 0x0000000086500000| Untracked |  0
|  74|0x0000000086600000, 0x0000000086600000, 0x0000000086700000|  0%| F|  |TAMS 0x0000000086600000| PB 0x0000000086600000| Untracked |  0
|  75|0x0000000086700000, 0x0000000086700000, 0x0000000086800000|  0%| F|  |TAMS 0x0000000086700000| PB 0x0000000086700000| Untracked |  0
|  76|0x0000000086800000, 0x0000000086800000, 0x0000000086900000|  0%| F|  |TAMS 0x0000000086800000| PB 0x0000000086800000| Untracked |  0
|  77|0x0000000086900000, 0x0000000086900000, 0x0000000086a00000|  0%| F|  |TAMS 0x0000000086900000| PB 0x0000000086900000| Untracked |  0
|  78|0x0000000086a00000, 0x0000000086a00000, 0x0000000086b00000|  0%| F|  |TAMS 0x0000000086a00000| PB 0x0000000086a00000| Untracked |  0
|  79|0x0000000086b00000, 0x0000000086b00000, 0x0000000086c00000|  0%| F|  |TAMS 0x0000000086b00000| PB 0x0000000086b00000| Untracked |  0
|  80|0x0000000086c00000, 0x0000000086c00000, 0x0000000086d00000|  0%| F|  |TAMS 0x0000000086c00000| PB 0x0000000086c00000| Untracked |  0
|  81|0x0000000086d00000, 0x0000000086d00000, 0x0000000086e00000|  0%| F|  |TAMS 0x0000000086d00000| PB 0x0000000086d00000| Untracked |  0
|  82|0x0000000086e00000, 0x0000000086e00000, 0x0000000086f00000|  0%| F|  |TAMS 0x0000000086e00000| PB 0x0000000086e00000| Untracked |  0
|  83|0x0000000086f00000, 0x0000000086f00000, 0x0000000087000000|  0%| F|  |TAMS 0x0000000086f00000| PB 0x0000000086f00000| Untracked |  0
|  84|0x0000000087000000, 0x0000000087000000, 0x0000000087100000|  0%| F|  |TAMS 0x0000000087000000| PB 0x0000000087000000| Untracked |  0
|  85|0x0000000087100000, 0x0000000087100000, 0x0000000087200000|  0%| F|  |TAMS 0x0000000087100000| PB 0x0000000087100000| Untracked |  0
|  86|0x0000000087200000, 0x0000000087200000, 0x0000000087300000|  0%| F|  |TAMS 0x0000000087200000| PB 0x0000000087200000| Untracked |  0
|  87|0x0000000087300000, 0x0000000087300000, 0x0000000087400000|  0%| F|  |TAMS 0x0000000087300000| PB 0x0000000087300000| Untracked |  0
|  88|0x0000000087400000, 0x0000000087400000, 0x0000000087500000|  0%| F|  |TAMS 0x0000000087400000| PB 0x0000000087400000| Untracked |  0
|  89|0x0000000087500000, 0x0000000087500000, 0x0000000087600000|  0%| F|  |TAMS 0x0000000087500000| PB 0x0000000087500000| Untracked |  0
|  90|0x0000000087600000, 0x0000000087600000, 0x0000000087700000|  0%| F|  |TAMS 0x0000000087600000| PB 0x0000000087600000| Untracked |  0
|  91|0x0000000087700000, 0x0000000087700000, 0x0000000087800000|  0%| F|  |TAMS 0x0000000087700000| PB 0x0000000087700000| Untracked |  0
|  92|0x0000000087800000, 0x0000000087800000, 0x0000000087900000|  0%| F|  |TAMS 0x0000000087800000| PB 0x0000000087800000| Untracked |  0
|  93|0x0000000087900000, 0x0000000087900000, 0x0000000087a00000|  0%| F|  |TAMS 0x0000000087900000| PB 0x0000000087900000| Untracked |  0
|  94|0x0000000087a00000, 0x0000000087a00000, 0x0000000087b00000|  0%| F|  |TAMS 0x0000000087a00000| PB 0x0000000087a00000| Untracked |  0
|  95|0x0000000087b00000, 0x0000000087b00000, 0x0000000087c00000|  0%| F|  |TAMS 0x0000000087b00000| PB 0x0000000087b00000| Untracked |  0
|  96|0x0000000087c00000, 0x0000000087c00000, 0x0000000087d00000|  0%| F|  |TAMS 0x0000000087c00000| PB 0x0000000087c00000| Untracked |  0
|  97|0x0000000087d00000, 0x0000000087d00000, 0x0000000087e00000|  0%| F|  |TAMS 0x0000000087d00000| PB 0x0000000087d00000| Untracked |  0
|  98|0x0000000087e00000, 0x0000000087e00000, 0x0000000087f00000|  0%| F|  |TAMS 0x0000000087e00000| PB 0x0000000087e00000| Untracked |  0
|  99|0x0000000087f00000, 0x0000000087f00000, 0x0000000088000000|  0%| F|  |TAMS 0x0000000087f00000| PB 0x0000000087f00000| Untracked |  0
| 100|0x0000000088000000, 0x0000000088000000, 0x0000000088100000|  0%| F|  |TAMS 0x0000000088000000| PB 0x0000000088000000| Untracked |  0
| 101|0x0000000088100000, 0x0000000088100000, 0x0000000088200000|  0%| F|  |TAMS 0x0000000088100000| PB 0x0000000088100000| Untracked |  0
| 102|0x0000000088200000, 0x0000000088200000, 0x0000000088300000|  0%| F|  |TAMS 0x0000000088200000| PB 0x0000000088200000| Untracked |  0
| 103|0x0000000088300000, 0x0000000088300000, 0x0000000088400000|  0%| F|  |TAMS 0x0000000088300000| PB 0x0000000088300000| Untracked |  0
| 104|0x0000000088400000, 0x0000000088400000, 0x0000000088500000|  0%| F|  |TAMS 0x0000000088400000| PB 0x0000000088400000| Untracked |  0
| 105|0x0000000088500000, 0x0000000088500000, 0x0000000088600000|  0%| F|  |TAMS 0x0000000088500000| PB 0x0000000088500000| Untracked |  0
| 106|0x0000000088600000, 0x0000000088600000, 0x0000000088700000|  0%| F|  |TAMS 0x0000000088600000| PB 0x0000000088600000| Untracked |  0
| 107|0x0000000088700000, 0x0000000088700000, 0x0000000088800000|  0%| F|  |TAMS 0x0000000088700000| PB 0x0000000088700000| Untracked |  0
| 108|0x0000000088800000, 0x0000000088800000, 0x0000000088900000|  0%| F|  |TAMS 0x0000000088800000| PB 0x0000000088800000| Untracked |  0
| 109|0x0000000088900000, 0x0000000088900000, 0x0000000088a00000|  0%| F|  |TAMS 0x0000000088900000| PB 0x0000000088900000| Untracked |  0
| 110|0x0000000088a00000, 0x0000000088a00000, 0x0000000088b00000|  0%| F|  |TAMS 0x0000000088a00000| PB 0x0000000088a00000| Untracked |  0
| 111|0x0000000088b00000, 0x0000000088b00000, 0x0000000088c00000|  0%| F|  |TAMS 0x0000000088b00000| PB 0x0000000088b00000| Untracked |  0
| 112|0x0000000088c00000, 0x0000000088c00000, 0x0000000088d00000|  0%| F|  |TAMS 0x0000000088c00000| PB 0x0000000088c00000| Untracked |  0
| 113|0x0000000088d00000, 0x0000000088dee548, 0x0000000088e00000| 93%| E|  |TAMS 0x0000000088d00000| PB 0x0000000088d00000| Complete |  0
| 114|0x0000000088e00000, 0x0000000088f00000, 0x0000000088f00000|100%| E|CS|TAMS 0x0000000088e00000| PB 0x0000000088e00000| Complete |  0
| 115|0x0000000088f00000, 0x0000000089000000, 0x0000000089000000|100%| E|CS|TAMS 0x0000000088f00000| PB 0x0000000088f00000| Complete |  0
| 116|0x0000000089000000, 0x0000000089100000, 0x0000000089100000|100%| S|CS|TAMS 0x0000000089000000| PB 0x0000000089000000| Complete |  0
| 117|0x0000000089100000, 0x0000000089200000, 0x0000000089200000|100%| E|CS|TAMS 0x0000000089100000| PB 0x0000000089100000| Complete |  0
| 118|0x0000000089200000, 0x0000000089300000, 0x0000000089300000|100%| E|CS|TAMS 0x0000000089200000| PB 0x0000000089200000| Complete |  0
| 119|0x0000000089300000, 0x0000000089400000, 0x0000000089400000|100%| E|CS|TAMS 0x0000000089300000| PB 0x0000000089300000| Complete |  0
| 120|0x0000000089400000, 0x0000000089500000, 0x0000000089500000|100%| E|CS|TAMS 0x0000000089400000| PB 0x0000000089400000| Complete |  0
| 121|0x0000000089500000, 0x0000000089600000, 0x0000000089600000|100%| E|CS|TAMS 0x0000000089500000| PB 0x0000000089500000| Complete |  0
| 122|0x0000000089600000, 0x0000000089700000, 0x0000000089700000|100%| E|CS|TAMS 0x0000000089600000| PB 0x0000000089600000| Complete |  0
| 123|0x0000000089700000, 0x0000000089800000, 0x0000000089800000|100%| E|CS|TAMS 0x0000000089700000| PB 0x0000000089700000| Complete |  0
| 124|0x0000000089800000, 0x0000000089900000, 0x0000000089900000|100%| E|CS|TAMS 0x0000000089800000| PB 0x0000000089800000| Complete |  0
| 125|0x0000000089900000, 0x0000000089a00000, 0x0000000089a00000|100%| E|CS|TAMS 0x0000000089900000| PB 0x0000000089900000| Complete |  0
| 126|0x0000000089a00000, 0x0000000089b00000, 0x0000000089b00000|100%| E|CS|TAMS 0x0000000089a00000| PB 0x0000000089a00000| Complete |  0
| 127|0x0000000089b00000, 0x0000000089c00000, 0x0000000089c00000|100%| E|CS|TAMS 0x0000000089b00000| PB 0x0000000089b00000| Complete |  0

Card table byte_map: [0x000001f760630000,0x000001f760a30000] _byte_map_base: 0x000001f760222000

Marking Bits: (CMBitMap*) 0x000001f748b533d0
 Bits: [0x000001f760a30000, 0x000001f7629c0000)

Polling page: 0x000001f7482c0000

Metaspace:

Usage:
  Non-class:      8.24 MB used.
      Class:      1.20 MB used.
       Both:      9.44 MB used.

Virtual space:
  Non-class space:       64.00 MB reserved,       8.38 MB ( 13%) committed,  1 nodes.
      Class space:        1.00 GB reserved,       1.31 MB ( <1%) committed,  1 nodes.
             Both:        1.06 GB reserved,       9.69 MB ( <1%) committed. 

Chunk freelists:
   Non-Class:  7.22 MB
       Class:  14.72 MB
        Both:  21.94 MB

MaxMetaspaceSize: unlimited
CompressedClassSpaceSize: 1.00 GB
Initial GC threshold: 21.00 MB
Current GC threshold: 21.00 MB
CDS: on
 - commit_granule_bytes: 65536.
 - commit_granule_words: 8192.
 - virtual_space_node_default_size: 8388608.
 - enlarge_chunks_in_place: 1.
 - use_allocation_guard: 0.


Internal statistics:

num_allocs_failed_limit: 0.
num_arena_births: 208.
num_arena_deaths: 0.
num_vsnodes_births: 2.
num_vsnodes_deaths: 0.
num_space_committed: 155.
num_space_uncommitted: 0.
num_chunks_returned_to_freelist: 0.
num_chunks_taken_from_freelist: 553.
num_chunk_merges: 0.
num_chunk_splits: 312.
num_chunks_enlarged: 190.
num_inconsistent_stats: 0.

CodeHeap 'non-profiled nmethods': size=120064Kb used=555Kb max_used=555Kb free=119508Kb
 bounds [0x000001f758cf0000, 0x000001f758f60000, 0x000001f760230000]
CodeHeap 'profiled nmethods': size=120000Kb used=2760Kb max_used=2760Kb free=117239Kb
 bounds [0x000001f751230000, 0x000001f7514f0000, 0x000001f758760000]
CodeHeap 'non-nmethods': size=5696Kb used=1399Kb max_used=1409Kb free=4296Kb
 bounds [0x000001f758760000, 0x000001f7589d0000, 0x000001f758cf0000]
CodeCache: size=245760Kb, used=4714Kb, max_used=4724Kb, free=241043Kb
 total_blobs=2466, nmethods=1965, adapters=406, full_count=0
Compilation: enabled, stopped_count=0, restarted_count=0

Compilation events (20 events):
Event: 5.063 Thread 0x000001f745020720 1896       3       sun.reflect.generics.parser.SignatureParser::parseClassTypeSignature (118 bytes)
Event: 5.065 Thread 0x000001f745020720 nmethod 1896 0x000001f7514b5208 code [0x000001f7514b5520, 0x000001f7514b6878]
Event: 5.065 Thread 0x000001f745020720 1897       3       sun.reflect.generics.tree.SimpleClassTypeSignature::<init> (20 bytes)
Event: 5.065 Thread 0x000001f745020720 nmethod 1897 0x000001f7514b6988 code [0x000001f7514b6aa0, 0x000001f7514b6cc8]
Event: 5.065 Thread 0x000001f745020720 1898       3       sun.reflect.generics.parser.SignatureParser::parseClassTypeSignatureSuffix (29 bytes)
Event: 5.066 Thread 0x000001f745020720 nmethod 1898 0x000001f7514b6d08 code [0x000001f7514b6e60, 0x000001f7514b71a0]
Event: 5.066 Thread 0x000001f745020720 1900       3       java.util.StringJoiner::checkAddLength (50 bytes)
Event: 5.067 Thread 0x000001f745020720 nmethod 1900 0x000001f7514b7208 code [0x000001f7514b7360, 0x000001f7514b7760]
Event: 5.067 Thread 0x000001f745020720 1901       3       java.lang.classfile.CodeBuilder::exceptionCatch (29 bytes)
Event: 5.067 Thread 0x000001f745020720 nmethod 1901 0x000001f7514b7788 code [0x000001f7514b7900, 0x000001f7514b7e10]
Event: 5.067 Thread 0x000001f745020720 1902       3       java.lang.classfile.CodeBuilder::exceptionCatch (21 bytes)
Event: 5.068 Thread 0x000001f745020720 nmethod 1902 0x000001f7514b7e88 code [0x000001f7514b8060, 0x000001f7514b8d70]
Event: 5.068 Thread 0x000001f745020720 1906       3       jdk.internal.classfile.impl.BufWriterImpl::writeIndexOrZero (27 bytes)
Event: 5.069 Thread 0x000001f745020720 nmethod 1906 0x000001f7514b8e08 code [0x000001f7514b8f60, 0x000001f7514b92c0]
Event: 5.069 Thread 0x000001f745020720 1903       3       java.lang.classfile.CodeBuilder::iconst_0 (16 bytes)
Event: 5.069 Thread 0x000001f745020720 nmethod 1903 0x000001f7514b9308 code [0x000001f7514b94c0, 0x000001f7514b9e98]
Event: 5.070 Thread 0x000001f745020720 1904       1       jdk.internal.classfile.impl.AbstractInstruction$UnboundNewReferenceArrayInstruction::componentType (5 bytes)
Event: 5.070 Thread 0x000001f745020720 nmethod 1904 0x000001f758d79388 code [0x000001f758d794a0, 0x000001f758d79568]
Event: 5.070 Thread 0x000001f745020720 1905       1       jdk.internal.classfile.impl.UnboundAttribute$UnboundExceptionsAttribute::exceptions (5 bytes)
Event: 5.070 Thread 0x000001f745020720 nmethod 1905 0x000001f758d79688 code [0x000001f758d797a0, 0x000001f758d79868]

GC Heap History (4 events):
Event: 2.442 GC heap before
{Heap before GC invocations=0 (full 0):
 garbage-first heap   total reserved 2068480K, committed 131072K, used 14336K [0x0000000081c00000, 0x0000000100000000)
  region size 1024K, 14 young (14336K), 0 survivors (0K)
 Metaspace       used 3152K, committed 3264K, reserved 1114112K
  class space    used 333K, committed 384K, reserved 1048576K
}
Event: 2.553 GC heap after
{Heap after GC invocations=1 (full 0):
 garbage-first heap   total reserved 2068480K, committed 131072K, used 7167K [0x0000000081c00000, 0x0000000100000000)
  region size 1024K, 2 young (2048K), 2 survivors (2048K)
 Metaspace       used 3152K, committed 3264K, reserved 1114112K
  class space    used 333K, committed 384K, reserved 1048576K
}
Event: 3.991 GC heap before
{Heap before GC invocations=1 (full 0):
 garbage-first heap   total reserved 2068480K, committed 131072K, used 18431K [0x0000000081c00000, 0x0000000100000000)
  region size 1024K, 13 young (13312K), 2 survivors (2048K)
 Metaspace       used 6040K, committed 6336K, reserved 1114112K
  class space    used 760K, committed 896K, reserved 1048576K
}
Event: 3.996 GC heap after
{Heap after GC invocations=2 (full 0):
 garbage-first heap   total reserved 2068480K, committed 131072K, used 8093K [0x0000000081c00000, 0x0000000100000000)
  region size 1024K, 1 young (1024K), 1 survivors (1024K)
 Metaspace       used 6040K, committed 6336K, reserved 1114112K
  class space    used 760K, committed 896K, reserved 1048576K
}

Dll operation events (10 events):
Event: 0.198 Loaded shared library C:\Users\DELL USER\.jdks\openjdk-23\bin\java.dll
Event: 0.290 Loaded shared library C:\Users\DELL USER\.jdks\openjdk-23\bin\jsvml.dll
Event: 0.882 Loaded shared library C:\Users\DELL USER\.jdks\openjdk-23\bin\zip.dll
Event: 0.890 Loaded shared library C:\Users\DELL USER\.jdks\openjdk-23\bin\instrument.dll
Event: 0.898 Loaded shared library C:\Users\DELL USER\.jdks\openjdk-23\bin\net.dll
Event: 0.902 Loaded shared library C:\Users\DELL USER\.jdks\openjdk-23\bin\nio.dll
Event: 0.909 Loaded shared library C:\Users\DELL USER\.jdks\openjdk-23\bin\zip.dll
Event: 0.943 Loaded shared library C:\Program Files\JetBrains\IntelliJ IDEA 2024.2.0.1\bin\breakgen64.dll
Event: 1.097 Loaded shared library C:\Users\DELL USER\.jdks\openjdk-23\bin\extnet.dll
Event: 1.206 Loaded shared library C:\Users\DELL USER\.jdks\openjdk-23\bin\jimage.dll

Deoptimization events (20 events):
Event: 4.795 Thread 0x000001f74684eb40 Uncommon trap: trap_request=0xffffff45 fr.pc=0x000001f758d2a0c4 relative=0x00000000000004a4
Event: 4.795 Thread 0x000001f74684eb40 Uncommon trap: reason=unstable_if action=reinterpret pc=0x000001f758d2a0c4 method=java.util.zip.ZipCoder.hash(Ljava/lang/String;)I @ 23 c2
Event: 4.795 Thread 0x000001f74684eb40 DEOPT PACKING pc=0x000001f758d2a0c4 sp=0x000000ccad7fc6c0
Event: 4.795 Thread 0x000001f74684eb40 DEOPT UNPACKING pc=0x000001f7587b4402 sp=0x000000ccad7fc5e0 mode 2
Event: 4.795 Thread 0x000001f74684eb40 Uncommon trap: trap_request=0xffffff45 fr.pc=0x000001f758d29670 relative=0x00000000000001b0
Event: 4.795 Thread 0x000001f74684eb40 Uncommon trap: reason=unstable_if action=reinterpret pc=0x000001f758d29670 method=java.util.zip.ZipCoder.hash(Ljava/lang/String;)I @ 23 c2
Event: 4.795 Thread 0x000001f74684eb40 DEOPT PACKING pc=0x000001f758d29670 sp=0x000000ccad7fc650
Event: 4.795 Thread 0x000001f74684eb40 DEOPT UNPACKING pc=0x000001f7587b4402 sp=0x000000ccad7fc5d8 mode 2
Event: 4.795 Thread 0x000001f74684eb40 Uncommon trap: trap_request=0xffffff45 fr.pc=0x000001f758d4b934 relative=0x0000000000001c74
Event: 4.795 Thread 0x000001f74684eb40 Uncommon trap: reason=unstable_if action=reinterpret pc=0x000001f758d4b934 method=java.io.WinNTFileSystem.normalize(Ljava/lang/String;)Ljava/lang/String; @ 133 c2
Event: 4.795 Thread 0x000001f74684eb40 DEOPT PACKING pc=0x000001f758d4b934 sp=0x000000ccad7fc5b0
Event: 4.795 Thread 0x000001f74684eb40 DEOPT UNPACKING pc=0x000001f7587b4402 sp=0x000000ccad7fc588 mode 2
Event: 4.798 Thread 0x000001f74684eb40 Uncommon trap: trap_request=0xffffff45 fr.pc=0x000001f758d69004 relative=0x00000000000015a4
Event: 4.798 Thread 0x000001f74684eb40 Uncommon trap: reason=unstable_if action=reinterpret pc=0x000001f758d69004 method=java.util.zip.ZipCoder.hash(Ljava/lang/String;)I @ 23 c2
Event: 4.798 Thread 0x000001f74684eb40 DEOPT PACKING pc=0x000001f758d69004 sp=0x000000ccad7fc720
Event: 4.798 Thread 0x000001f74684eb40 DEOPT UNPACKING pc=0x000001f7587b4402 sp=0x000000ccad7fc560 mode 2
Event: 4.799 Thread 0x000001f74684eb40 Uncommon trap: trap_request=0xffffff45 fr.pc=0x000001f758d11250 relative=0x0000000000000050
Event: 4.799 Thread 0x000001f74684eb40 Uncommon trap: reason=unstable_if action=reinterpret pc=0x000001f758d11250 method=sun.nio.fs.WindowsPathParser.isSlash(C)Z @ 9 c2
Event: 4.799 Thread 0x000001f74684eb40 DEOPT PACKING pc=0x000001f758d11250 sp=0x000000ccad7fc8e0
Event: 4.800 Thread 0x000001f74684eb40 DEOPT UNPACKING pc=0x000001f7587b4402 sp=0x000000ccad7fc868 mode 2

Classes loaded (20 events):
Event: 4.842 Loading class java/nio/channels/Channels
Event: 4.843 Loading class java/nio/channels/Channels done
Event: 4.843 Loading class sun/nio/ch/Streams
Event: 4.843 Loading class sun/nio/ch/Streams done
Event: 4.843 Loading class sun/nio/ch/SocketChannelImpl
Event: 4.844 Loading class sun/nio/ch/SelChImpl
Event: 4.844 Loading class sun/nio/ch/SelChImpl done
Event: 4.845 Loading class java/nio/channels/SocketChannel
Event: 4.845 Loading class java/nio/channels/NetworkChannel
Event: 4.845 Loading class java/nio/channels/NetworkChannel done
Event: 4.845 Loading class java/nio/channels/spi/AbstractSelectableChannel
Event: 4.845 Loading class java/nio/channels/SelectableChannel
Event: 4.845 Loading class java/nio/channels/SelectableChannel done
Event: 4.846 Loading class java/nio/channels/spi/AbstractSelectableChannel done
Event: 4.846 Loading class java/nio/channels/SocketChannel done
Event: 4.846 Loading class sun/nio/ch/SocketChannelImpl done
Event: 4.846 Loading class sun/nio/ch/ChannelInputStream
Event: 4.846 Loading class sun/nio/ch/ChannelInputStream done
Event: 4.857 Loading class sun/nio/ch/IOStatus
Event: 4.857 Loading class sun/nio/ch/IOStatus done

Classes unloaded (0 events):
No events

Classes redefined (0 events):
No events

Internal exceptions (20 events):
Event: 2.971 Thread 0x000001f74684eb40 Exception <a 'java/lang/NoSuchMethodError'{0x00000000897a3300}: 'void java.lang.invoke.DirectMethodHandle$Holder.invokeInterface(java.lang.Object, java.lang.Object, java.lang.Object, java.lang.Object)'> (0x00000000897a3300) 
thrown [s\open\src\hotspot\share\interpreter\linkResolver.cpp, line 796]
Event: 2.972 Thread 0x000001f74684eb40 Exception <a 'java/lang/IncompatibleClassChangeError'{0x00000000897a6790}: Found class java.lang.Object, but interface was expected> (0x00000000897a6790) 
thrown [s\open\src\hotspot\share\interpreter\linkResolver.cpp, line 863]
Event: 2.978 Thread 0x000001f74684eb40 Exception <a 'java/lang/NoSuchMethodError'{0x00000000897bf710}: 'void java.lang.invoke.DirectMethodHandle$Holder.invokeStatic(java.lang.Object, java.lang.Object, java.lang.Object, java.lang.Object)'> (0x00000000897bf710) 
thrown [s\open\src\hotspot\share\interpreter\linkResolver.cpp, line 796]
Event: 2.987 Thread 0x000001f74684eb40 Exception <a 'java/lang/NoSuchMethodError'{0x00000000897ddaf8}: 'java.lang.Object java.lang.invoke.DirectMethodHandle$Holder.newInvokeSpecial(java.lang.Object, java.lang.Object, int)'> (0x00000000897ddaf8) 
thrown [s\open\src\hotspot\share\interpreter\linkResolver.cpp, line 796]
Event: 3.180 Thread 0x000001f74684eb40 Exception <a 'java/lang/NoSuchMethodError'{0x000000008967fc30}: 'int java.lang.invoke.DirectMethodHandle$Holder.invokeStatic(java.lang.Object, java.lang.Object, java.lang.Object, java.lang.Object)'> (0x000000008967fc30) 
thrown [s\open\src\hotspot\share\interpreter\linkResolver.cpp, line 796]
Event: 3.188 Thread 0x000001f74684eb40 Exception <a 'java/lang/NoSuchMethodError'{0x000000008968d338}: 'int java.lang.invoke.DirectMethodHandle$Holder.invokeStatic(java.lang.Object, java.lang.Object, java.lang.Object, java.lang.Object, java.lang.Object)'> (0x000000008968d338) 
thrown [s\open\src\hotspot\share\interpreter\linkResolver.cpp, line 796]
Event: 3.226 Thread 0x000001f74684eb40 Exception <a 'java/lang/NoSuchMethodError'{0x00000000896d2fe0}: 'void java.lang.invoke.DirectMethodHandle$Holder.invokeStaticInit(java.lang.Object)'> (0x00000000896d2fe0) 
thrown [s\open\src\hotspot\share\interpreter\linkResolver.cpp, line 796]
Event: 3.301 Thread 0x000001f74684eb40 Exception <a 'java/lang/NoSuchMethodError'{0x0000000089588c18}: 'void java.lang.invoke.DirectMethodHandle$Holder.invokeStaticInit(java.lang.Object, java.lang.Object, java.lang.Object, java.lang.Object)'> (0x0000000089588c18) 
thrown [s\open\src\hotspot\share\interpreter\linkResolver.cpp, line 796]
Event: 3.440 Thread 0x000001f74684eb40 Exception <a 'java/lang/NoSuchMethodError'{0x00000000895f27b0}: 'int java.lang.invoke.DirectMethodHandle$Holder.invokeStaticInit(java.lang.Object, java.lang.Object)'> (0x00000000895f27b0) 
thrown [s\open\src\hotspot\share\interpreter\linkResolver.cpp, line 796]
Event: 3.816 Thread 0x000001f74684eb40 Exception <a 'java/lang/NoSuchMethodError'{0x000000008916d460}: 'java.lang.Object java.lang.invoke.DirectMethodHandle$Holder.invokeSpecial(java.lang.Object, java.lang.Object, java.lang.Object, long, java.lang.Object)'> (0x000000008916d460) 
thrown [s\open\src\hotspot\share\interpreter\linkResolver.cpp, line 796]
Event: 3.817 Thread 0x000001f74684eb40 Exception <a 'java/lang/NoSuchMethodError'{0x0000000089171088}: 'java.lang.Object java.lang.invoke.Invokers$Holder.linkToTargetMethod(java.lang.Object, long, java.lang.Object, java.lang.Object)'> (0x0000000089171088) 
thrown [s\open\src\hotspot\share\interpreter\linkResolver.cpp, line 796]
Event: 4.323 Thread 0x000001f74684eb40 Exception <a 'java/lang/NoSuchMethodError'{0x00000000898744e8}: 'int java.lang.invoke.DirectMethodHandle$Holder.invokeStaticInit(java.lang.Object, java.lang.Object, java.lang.Object)'> (0x00000000898744e8) 
thrown [s\open\src\hotspot\share\interpreter\linkResolver.cpp, line 796]
Event: 4.372 Thread 0x000001f74684eb40 Implicit null exception at 0x000001f758d62dc0 to 0x000001f758d643d0
Event: 4.440 Thread 0x000001f74684eb40 Exception <a 'java/lang/NoSuchMethodError'{0x0000000089787aa8}: 'int java.lang.invoke.DirectMethodHandle$Holder.invokeInterface(java.lang.Object, java.lang.Object)'> (0x0000000089787aa8) 
thrown [s\open\src\hotspot\share\interpreter\linkResolver.cpp, line 796]
Event: 4.528 Thread 0x000001f74684eb40 Exception <a 'java/lang/NoSuchMethodError'{0x00000000896396a0}: 'void java.lang.invoke.DirectMethodHandle$Holder.invokeStaticInit(java.lang.Object, java.lang.Object)'> (0x00000000896396a0) 
thrown [s\open\src\hotspot\share\interpreter\linkResolver.cpp, line 796]
Event: 4.575 Thread 0x000001f74684eb40 Exception <a 'java/lang/NoSuchMethodError'{0x000000008951c570}: 'int java.lang.invoke.DirectMethodHandle$Holder.invokeVirtual(java.lang.Object, java.lang.Object, java.lang.Object)'> (0x000000008951c570) 
thrown [s\open\src\hotspot\share\interpreter\linkResolver.cpp, line 796]
Event: 4.721 Thread 0x000001f74684eb40 Exception <a 'java/lang/IncompatibleClassChangeError'{0x000000008947fa58}: Found class java.lang.Object, but interface was expected> (0x000000008947fa58) 
thrown [s\open\src\hotspot\share\interpreter\linkResolver.cpp, line 863]
Event: 4.792 Thread 0x000001f74684eb40 Exception <a 'java/lang/NoSuchMethodError'{0x00000000893cc160}: 'int java.lang.invoke.DirectMethodHandle$Holder.invokeSpecial(java.lang.Object, java.lang.Object, java.lang.Object, java.lang.Object)'> (0x00000000893cc160) 
thrown [s\open\src\hotspot\share\interpreter\linkResolver.cpp, line 796]
Event: 4.801 Thread 0x000001f74684eb40 Exception <a 'java/lang/NoSuchMethodError'{0x00000000893e8c90}: 'int java.lang.invoke.DirectMethodHandle$Holder.invokeSpecial(java.lang.Object, java.lang.Object, java.lang.Object, java.lang.Object, java.lang.Object)'> (0x00000000893e8c90) 
thrown [s\open\src\hotspot\share\interpreter\linkResolver.cpp, line 796]
Event: 4.808 Thread 0x000001f74684eb40 Exception <a 'java/lang/NoSuchMethodError'{0x00000000893f1758}: 'void java.lang.invoke.DirectMethodHandle$Holder.invokeVirtual(java.lang.Object, java.lang.Object)'> (0x00000000893f1758) 
thrown [s\open\src\hotspot\share\interpreter\linkResolver.cpp, line 796]

VM Operations (20 events):
Event: 2.232 Executing VM operation: HandshakeAllThreads (Deoptimize)
Event: 2.232 Executing VM operation: HandshakeAllThreads (Deoptimize) done
Event: 2.232 Executing VM operation: HandshakeAllThreads (Deoptimize)
Event: 2.232 Executing VM operation: HandshakeAllThreads (Deoptimize) done
Event: 2.442 Executing VM operation: G1CollectForAllocation (G1 Evacuation Pause)
Event: 2.553 Executing VM operation: G1CollectForAllocation (G1 Evacuation Pause) done
Event: 2.954 Executing VM operation: HandshakeAllThreads (Deoptimize)
Event: 2.954 Executing VM operation: HandshakeAllThreads (Deoptimize) done
Event: 3.195 Executing VM operation: HandshakeAllThreads (Deoptimize)
Event: 3.195 Executing VM operation: HandshakeAllThreads (Deoptimize) done
Event: 3.195 Executing VM operation: HandshakeAllThreads (Deoptimize)
Event: 3.195 Executing VM operation: HandshakeAllThreads (Deoptimize) done
Event: 3.742 Executing VM operation: HandshakeAllThreads (Deoptimize)
Event: 3.742 Executing VM operation: HandshakeAllThreads (Deoptimize) done
Event: 3.991 Executing VM operation: G1CollectForAllocation (G1 Evacuation Pause)
Event: 3.996 Executing VM operation: G1CollectForAllocation (G1 Evacuation Pause) done
Event: 4.447 Executing VM operation: HandshakeAllThreads (Deoptimize)
Event: 4.447 Executing VM operation: HandshakeAllThreads (Deoptimize) done
Event: 4.747 Executing VM operation: HandshakeAllThreads (Deoptimize)
Event: 4.747 Executing VM operation: HandshakeAllThreads (Deoptimize) done

Memory protections (0 events):
No events

Nmethod flushes (0 events):
No events

Events (12 events):
Event: 0.233 Thread 0x000001f74684eb40 Thread added: 0x000001f74684eb40
Event: 0.283 Thread 0x000001f74684eb40 Thread added: 0x000001f764f9a990
Event: 0.284 Thread 0x000001f74684eb40 Thread added: 0x000001f764f9d910
Event: 0.284 Thread 0x000001f74684eb40 Thread added: 0x000001f764f9f4e0
Event: 0.284 Thread 0x000001f74684eb40 Thread added: 0x000001f764fa1100
Event: 0.284 Thread 0x000001f74684eb40 Thread added: 0x000001f764fa1b60
Event: 0.285 Thread 0x000001f74684eb40 Thread added: 0x000001f764fa25c0
Event: 0.285 Thread 0x000001f74684eb40 Thread added: 0x000001f764fa3350
Event: 0.381 Thread 0x000001f74684eb40 Thread added: 0x000001f745020720
Event: 0.730 Thread 0x000001f74684eb40 Thread added: 0x000001f74507eff0
Event: 0.944 Thread 0x000001f74684eb40 Thread added: 0x000001f745240420
Event: 0.944 Thread 0x000001f74684eb40 Thread added: 0x000001f7451f2b20


Dynamic libraries:
0x00007ff65da20000 - 0x00007ff65da2e000 	C:\Users\DELL USER\.jdks\openjdk-23\bin\java.exe
0x00007ffe791a0000 - 0x00007ffe793a9000 	C:\Windows\SYSTEM32\ntdll.dll
0x00007ffe773f0000 - 0x00007ffe774ad000 	C:\Windows\System32\KERNEL32.DLL
0x00007ffe76630000 - 0x00007ffe769b4000 	C:\Windows\System32\KERNELBASE.dll
0x00007ffe76a80000 - 0x00007ffe76b91000 	C:\Windows\System32\ucrtbase.dll
0x00007ffe717f0000 - 0x00007ffe71807000 	C:\Users\DELL USER\.jdks\openjdk-23\bin\jli.dll
0x00007ffe77f70000 - 0x00007ffe7811d000 	C:\Windows\System32\USER32.dll
0x00007ffe76e50000 - 0x00007ffe76e76000 	C:\Windows\System32\win32u.dll
0x00007ffe79080000 - 0x00007ffe790aa000 	C:\Windows\System32\GDI32.dll
0x00007ffe76ba0000 - 0x00007ffe76cbe000 	C:\Windows\System32\gdi32full.dll
0x00007ffe76cc0000 - 0x00007ffe76d5d000 	C:\Windows\System32\msvcp_win.dll
0x00007ffe717d0000 - 0x00007ffe717eb000 	C:\Users\DELL USER\.jdks\openjdk-23\bin\VCRUNTIME140.dll
0x00007ffe75830000 - 0x00007ffe75ad5000 	C:\Windows\WinSxS\amd64_microsoft.windows.common-controls_6595b64144ccf1df_6.0.22000.120_none_9d947278b86cc467\COMCTL32.dll
0x00007ffe77340000 - 0x00007ffe773e3000 	C:\Windows\System32\msvcrt.dll
0x00007ffe78230000 - 0x00007ffe78261000 	C:\Windows\System32\IMM32.DLL
0x00007ffe5e2b0000 - 0x00007ffe5e2bc000 	C:\Users\DELL USER\.jdks\openjdk-23\bin\vcruntime140_1.dll
0x00007ffe3c760000 - 0x00007ffe3c7ee000 	C:\Users\DELL USER\.jdks\openjdk-23\bin\msvcp140.dll
0x00007ffdf9cd0000 - 0x00007ffdfaa1f000 	C:\Users\DELL USER\.jdks\openjdk-23\bin\server\jvm.dll
0x00007ffe77ec0000 - 0x00007ffe77f6e000 	C:\Windows\System32\ADVAPI32.dll
0x00007ffe78190000 - 0x00007ffe7822e000 	C:\Windows\System32\sechost.dll
0x00007ffe771e0000 - 0x00007ffe77301000 	C:\Windows\System32\RPCRT4.dll
0x00007ffe78120000 - 0x00007ffe7818f000 	C:\Windows\System32\WS2_32.dll
0x00007ffe76500000 - 0x00007ffe7654d000 	C:\Windows\SYSTEM32\POWRPROF.dll
0x00007ffe709e0000 - 0x00007ffe70a13000 	C:\Windows\SYSTEM32\WINMM.dll
0x00007ffe74e80000 - 0x00007ffe74e8a000 	C:\Windows\SYSTEM32\VERSION.dll
0x00007ffe76430000 - 0x00007ffe76443000 	C:\Windows\SYSTEM32\UMPDC.dll
0x00007ffe74780000 - 0x00007ffe74798000 	C:\Windows\SYSTEM32\kernel.appcore.dll
0x00007ffe588f0000 - 0x00007ffe588fa000 	C:\Users\DELL USER\.jdks\openjdk-23\bin\jimage.dll
0x00007ffe75ed0000 - 0x00007ffe760f1000 	C:\Windows\SYSTEM32\DBGHELP.DLL
0x00007ffe75da0000 - 0x00007ffe75dd1000 	C:\Windows\SYSTEM32\dbgcore.DLL
0x00007ffe76d60000 - 0x00007ffe76ddf000 	C:\Windows\System32\bcryptPrimitives.dll
0x00007ffe5d3d0000 - 0x00007ffe5d3df000 	C:\Users\DELL USER\.jdks\openjdk-23\bin\instrument.dll
0x00007ffe57dc0000 - 0x00007ffe57dde000 	C:\Users\DELL USER\.jdks\openjdk-23\bin\java.dll
0x00007ffe776a0000 - 0x00007ffe7783a000 	C:\Windows\System32\ole32.dll
0x00007ffe77840000 - 0x00007ffe77bb6000 	C:\Windows\System32\combase.dll
0x00007ffe788b0000 - 0x00007ffe79075000 	C:\Windows\System32\SHELL32.dll
0x00007ffe737e0000 - 0x00007ffe74042000 	C:\Windows\SYSTEM32\windows.storage.dll
0x00007ffe73670000 - 0x00007ffe737d7000 	C:\Windows\SYSTEM32\wintypes.dll
0x00007ffe77c30000 - 0x00007ffe77d1a000 	C:\Windows\System32\SHCORE.dll
0x00007ffe77bc0000 - 0x00007ffe77c1d000 	C:\Windows\System32\shlwapi.dll
0x00007ffe76560000 - 0x00007ffe76585000 	C:\Windows\SYSTEM32\profapi.dll
0x00007ffe33c10000 - 0x00007ffe33ce7000 	C:\Users\DELL USER\.jdks\openjdk-23\bin\jsvml.dll
0x00007ffe4fa80000 - 0x00007ffe4fa97000 	C:\Users\DELL USER\.jdks\openjdk-23\bin\zip.dll
0x00007ffe52c30000 - 0x00007ffe52c40000 	C:\Users\DELL USER\.jdks\openjdk-23\bin\net.dll
0x00007ffe74b90000 - 0x00007ffe74bf7000 	C:\Windows\system32\mswsock.dll
0x00007ffe52a30000 - 0x00007ffe52a46000 	C:\Users\DELL USER\.jdks\openjdk-23\bin\nio.dll
0x00007ffe4fa60000 - 0x00007ffe4fa7a000 	C:\Program Files\JetBrains\IntelliJ IDEA 2024.2.0.1\bin\breakgen64.dll
0x00007ffe4faf0000 - 0x00007ffe4faf9000 	C:\Users\DELL USER\.jdks\openjdk-23\bin\extnet.dll

dbghelp: loaded successfully - version: 4.0.5 - missing functions: none
symbol engine: initialized successfully - sym options: 0x614 - pdb path: .;C:\Users\DELL USER\.jdks\openjdk-23\bin;C:\Windows\SYSTEM32;C:\Windows\WinSxS\amd64_microsoft.windows.common-controls_6595b64144ccf1df_6.0.22000.120_none_9d947278b86cc467;C:\Users\DELL USER\.jdks\openjdk-23\bin\server;C:\Program Files\JetBrains\IntelliJ IDEA 2024.2.0.1\bin

VM Arguments:
jvm_args: -ea --enable-preview -Didea.test.cyclic.buffer.size=1048576 -javaagent:C:\Program Files\JetBrains\IntelliJ IDEA 2024.2.0.1\lib\idea_rt.jar=54263:C:\Program Files\JetBrains\IntelliJ IDEA 2024.2.0.1\bin -Dfile.encoding=UTF-8 -Dsun.stdout.encoding=UTF-8 -Dsun.stderr.encoding=UTF-8 
java_command: com.intellij.rt.junit.JUnitStarter -ideVersion5 -junit5 com.semicolon.africa.service.UserServiceImplementationTest
java_class_path (initial): C:\Users\DELL USER\.m2\repository\org\junit\platform\junit-platform-launcher\1.11.4\junit-platform-launcher-1.11.4.jar;C:\Program Files\JetBrains\IntelliJ IDEA 2024.2.0.1\lib\idea_rt.jar;C:\Program Files\JetBrains\IntelliJ IDEA 2024.2.0.1\plugins\junit\lib\junit5-rt.jar;C:\Program Files\JetBrains\IntelliJ IDEA 2024.2.0.1\plugins\junit\lib\junit-rt.jar;C:\Users\DELL USER\IdeaProjects\EDUNEST\target\test-classes;C:\Users\DELL USER\IdeaProjects\EDUNEST\target\classes;C:\Users\DELL USER\.m2\repository\org\projectlombok\lombok\1.18.36\lombok-1.18.36.jar;C:\Users\DELL USER\.m2\repository\org\springframework\boot\spring-boot-starter-web\3.4.4\spring-boot-starter-web-3.4.4.jar;C:\Users\DELL USER\.m2\repository\org\springframework\boot\spring-boot-starter\3.4.4\spring-boot-starter-3.4.4.jar;C:\Users\DELL USER\.m2\repository\org\springframework\boot\spring-boot-starter-logging\3.4.4\spring-boot-starter-logging-3.4.4.jar;C:\Users\DELL USER\.m2\repository\ch\qos\logback\logback-classic\1.5.18\logback-classic-1.5.18.jar;C:\Users\DELL USER\.m2\repository\ch\qos\logback\logback-core\1.5.18\logback-core-1.5.18.jar;C:\Users\DELL USER\.m2\repository\org\apache\logging\log4j\log4j-to-slf4j\2.24.3\log4j-to-slf4j-2.24.3.jar;C:\Users\DELL USER\.m2\repository\org\apache\logging\log4j\log4j-api\2.24.3\log4j-api-2.24.3.jar;C:\Users\DELL USER\.m2\repository\org\slf4j\jul-to-slf4j\2.0.17\jul-to-slf4j-2.0.17.jar;C:\Users\DELL USER\.m2\repository\jakarta\annotation\jakarta.annotation-api\2.1.1\jakarta.annotation-api-2.1.1.jar;C:\Users\DELL USER\.m2\repository\org\yaml\snakeyaml\2.3\snakeyaml-2.3.jar;C:\Users\DELL USER\.m2\repository\org\springframework\boot\spring-boot-starter-json\3.4.4\spring-boot-starter-json-3.4.4.jar;C:\Users\DELL USER\.m2\repository\com\fasterxml\jackson\datatype\jackson-datatype-jdk8\2.18.3\jackson-datatype-jdk8-2.18.3.jar;C:\Users\DELL USER\.m2\repository\com\fasterxml\jackson\datatype\jackson-datatype-jsr310\2.18.3\jackson-datatype-jsr310-2.18.3.jar;C:\Users\DELL USER\.m2\repository\com\fasterxml\jackson\module\jackson-module-parameter-names\2.18.3\jackson-module-parameter-names-2.18.3.jar;C:\Users\DELL USER\.m2\repository\org\springframework\boot\spring-boot-starter-tomcat\3.4.4\spring-boot-starter-tomcat-3.4.4.jar;C:\Users\DELL USER\.m2\repository\org\apache\tomcat\embed\tomcat-embed-core\10.1.39\tomcat-embed-core-10.1.39.jar;C:\Users\DELL USER\.m2\repository\org\apache\tomcat\embed\tomcat-embed-el\10.1.39\tomcat-embed-el-10.1.39.jar;C:\Users\DELL USER\.m2\repository\org\apache\tomcat\embed\tomcat-embed-websocket\10.1.39\tomcat-embed-websocket-10.1.39.jar;C:\Users\DELL USER\.m2\repository\org\springframework\spring-web\6.2.5\spring-web-6.2.5.jar;C:\Users\DELL USER\.m2\repository\org\springframework\spring-beans\6.2.5\spring-beans-6.2.5.jar;C:\Users\DELL USER\.m2\repository\io\micrometer\micrometer-observation\1.14.5\micrometer-observation-1.14.5.jar;C:\Users\DELL USER\.m2\repository\io\micrometer\micrometer-commons\1.14.5\micrometer-commons-1.14.5.jar;C:\Users\DELL USER\.m2\repository\org\springframework\spring-webmvc\6.2.5\spring-webmvc-6.2.5.jar;C:\Users\DELL USER\.m2\repository\org\springframework\spring-context\6.2.5\spring-context-6.2.5.jar;C:\Users\DELL USER\.m2\repository\org\springframework\spring-expression\6.2.5\spring-expression-6.2.5.jar;C:\Users\DELL USER\.m2\repository\org\springframework\boot\spring-boot-starter-test\3.4.3\spring-boot-starter-test-3.4.3.jar;C:\Users\DELL USER\.m2\repository\org\springframework\boot\spring-boot-test\3.4.3\spring-boot-test-3.4.3.jar;C:\Users\DELL USER\.m2\repository\org\springframework\boot\spring-boot-test-autoconfigure\3.4.3\spring-boot-test-autoconfigure-3.4.3.jar;C:\Users\DELL USER\.m2\repository\com\jayway\jsonpath\json-path\2.9.0\json-path-2.9.0.jar;C:\Users\DELL USER\.m2\repository\org\slf4j\slf4j-api\2.0.11\slf4j-api-2.0.11.jar;C:\Users\DELL USER\.m2\repository\jakarta\xml\bind\jakarta.xml.bind-api\4.0.2\jakarta.xml.bind-api-4.0.2.jar;C:\Users\DELL USER\.m2\repository\jakarta\activation\jakarta.activation-api\2.1.3\jakarta.activation-api-2.1.3.jar;C:\Users\DELL USER\.m2\repository\net\minidev\json-smart\2.5.2\json-smart-2.5.2.jar;C:\Users\DELL USER\.m2\repository\net\minidev\accessors-smart\2.5.2\accessors-smart-2.5.2.jar;C:\Users\DELL USER\.m2\repository\org\ow2\asm\asm\9.7.1\asm-9.7.1.jar;C:\Users\DELL USER\.m2\repository\org\assertj\assertj-core\3.26.3\assertj-core-3.26.3.jar;C:\Users\DELL USER\.m2\repository\net\bytebuddy\byte-buddy\1.14.18\byte-buddy-1.14.18.jar;C:\Users\DELL USER\.m2\repository\org\awaitility\awaitility\4.2.2\awaitility-4.2.2.jar;C:\Users\DELL USER\.m2\repository\org\hamcrest\hamcrest\2.2\hamcrest-2.2.jar;C:\Users\DELL USER\.m2\repository\org\junit\jupiter\junit-jupiter\5.11.4\junit-jupiter-5.11.4.jar;C:\Users\DELL USER\.m2\repository\org\junit\jupiter\junit-jupiter-api\5.11.4\junit-jupiter-api-5.11.4.jar;C:\Users\DELL USER\.m2\repository\org\opentest4j\opentest4j\1.3.0\opentest4j-1.3.0.jar;C:\Users\DELL USER\.m2\repository\org\junit\platform\junit-platform-commons\1.11.4\junit-platform-commons-1.11.4.jar;C:\Users\DELL USER\.m2\repository\org\apiguardian\apiguardian-api\1.1.2\apiguardian-api-1.1.2.jar;C:\Users\DELL USER\.m2\repository\org\junit\jupiter\junit-jupiter-params\5.11.4\junit-jupiter-params-5.11.4.jar;C:\Users\DELL USER\.m2\repository\org\junit\jupiter\junit-jupiter-engine\5.11.4\junit-jupiter-engine-5.11.4.jar;C:\Users\DELL USER\.m2\repository\org\junit\platform\junit-platform-engine\1.11.4\junit-platform-engine-1.11.4.jar;C:\Users\DELL USER\.m2\repository\org\mockito\mockito-core\5.14.2\mockito-core-5.14.2.jar;C:\Users\DELL USER\.m2\repository\net\bytebuddy\byte-buddy-agent\1.15.4\byte-buddy-agent-1.15.4.jar;C:\Users\DELL USER\.m2\repository\org\objenesis\objenesis\3.3\objenesis-3.3.jar;C:\Users\DELL USER\.m2\repository\org\mockito\mockito-junit-jupiter\5.14.2\mockito-junit-jupiter-5.14.2.jar;C:\Users\DELL USER\.m2\repository\org\skyscreamer\jsonassert\1.5.3\jsonassert-1.5.3.jar;C:\Users\DELL USER\.m2\repository\com\vaadin\external\google\android-json\0.0.20131108.vaadin1\android-json-0.0.20131108.vaadin1.jar;C:\Users\DELL USER\.m2\repository\org\springframework\spring-core\6.2.3\spring-core-6.2.3.jar;C:\Users\DELL USER\.m2\repository\org\springframework\spring-jcl\6.2.3\spring-jcl-6.2.3.jar;C:\Users\DELL USER\.m2\repository\org\springframework\spring-test\6.2.3\spring-test-6.2.3.jar;C:\Users\DELL USER\.m2\repository\org\xmlunit\xmlunit-core\2.10.0\xmlunit-core-2.10.0.jar;C:\Users\DELL USER\.m2\repository\org\springframework\boot\spring-boot-starter-security\3.4.3\spring-boot-starter-security-3.4.3.jar;C:\Users\DELL USER\.m2\repository\org\springframework\spring-aop\6.2.3\spring-aop-6.2.3.jar;C:\Users\DELL USER\.m2\repository\org\springframework\security\spring-security-config\6.4.3\spring-security-config-6.4.3.jar;C:\Users\DELL USER\.m2\repository\org\springframework\security\spring-security-core\6.4.3\spring-security-core-6.4.3.jar;C:\Users\DELL USER\.m2\repository\org\springframework\security\spring-security-crypto\6.4.3\spring-security-crypto-6.4.3.jar;C:\Users\DELL USER\.m2\repository\org\springframework\security\spring-security-web\6.4.3\spring-security-web-6.4.3.jar;C:\Users\DELL USER\.m2\repository\org\springframework\boot\spring-boot-starter-data-jpa\3.4.2\spring-boot-starter-data-jpa-3.4.2.jar;C:\Users\DELL USER\.m2\repository\org\springframework\boot\spring-boot-starter-jdbc\3.4.2\spring-boot-starter-jdbc-3.4.2.jar;C:\Users\DELL USER\.m2\repository\com\zaxxer\HikariCP\5.1.0\HikariCP-5.1.0.jar;C:\Users\DELL USER\.m2\repository\org\springframework\spring-jdbc\6.2.2\spring-jdbc-6.2.2.jar;C:\Users\DELL USER\.m2\repository\org\hibernate\orm\hibernate-core\6.6.5.Final\hibernate-core-6.6.5.Final.jar;C:\Users\DELL USER\.m2\repository\jakarta\persistence\jakarta.persistence-api\3.1.0\jakarta.persistence-api-3.1.0.jar;C:\Users\DELL USER\.m2\repository\jakarta\transaction\jakarta.transaction-api\2.0.1\jakarta.transaction-api-2.0.1.jar;C:\Users\DELL USER\.m2\repository\org\jboss\logging\jboss-logging\3.5.0.Final\jboss-logging-3.5.0.Final.jar;C:\Users\DELL USER\.m2\repository\org\hibernate\common\hibernate-commons-annotations\7.0.3.Final\hibernate-commons-annotations-7.0.3.Final.jar;C:\Users\DELL USER\.m2\repository\io\smallrye\jandex\3.2.0\jandex-3.2.0.jar;C:\Users\DELL USER\.m2\repository\com\fasterxml\classmate\1.5.1\classmate-1.5.1.jar;C:\Users\DELL USER\.m2\repository\org\glassfish\jaxb\jaxb-runtime\4.0.2\jaxb-runtime-4.0.2.jar;C:\Users\DELL USER\.m2\repository\org\glassfish\jaxb\jaxb-core\4.0.2\jaxb-core-4.0.2.jar;C:\Users\DELL USER\.m2\repository\org\eclipse\angus\angus-activation\2.0.0\angus-activation-2.0.0.jar;C:\Users\DELL USER\.m2\repository\org\glassfish\jaxb\txw2\4.0.2\txw2-4.0.2.jar;C:\Users\DELL USER\.m2\repository\com\sun\istack\istack-commons-runtime\4.1.1\istack-commons-runtime-4.1.1.jar;C:\Users\DELL USER\.m2\repository\jakarta\inject\jakarta.inject-api\2.0.1\jakarta.inject-api-2.0.1.jar;C:\Users\DELL USER\.m2\repository\org\antlr\antlr4-runtime\4.13.0\antlr4-runtime-4.13.0.jar;C:\Users\DELL USER\.m2\repository\org\springframework\data\spring-data-jpa\3.4.2\spring-data-jpa-3.4.2.jar;C:\Users\DELL USER\.m2\repository\org\springframework\data\spring-data-commons\3.4.2\spring-data-commons-3.4.2.jar;C:\Users\DELL USER\.m2\repository\org\springframework\spring-orm\6.2.2\spring-orm-6.2.2.jar;C:\Users\DELL USER\.m2\repository\org\springframework\spring-tx\6.2.2\spring-tx-6.2.2.jar;C:\Users\DELL USER\.m2\repository\org\springframework\spring-aspects\6.2.2\spring-aspects-6.2.2.jar;C:\Users\DELL USER\.m2\repository\org\aspectj\aspectjweaver\1.9.22.1\aspectjweaver-1.9.22.1.jar;C:\Users\DELL USER\.m2\repository\org\postgresql\postgresql\42.7.3\postgresql-42.7.3.jar;C:\Users\DELL USER\.m2\repository\org\checkerframework\checker-qual\3.42.0\checker-qual-3.42.0.jar;C:\Users\DELL USER\.m2\repository\org\springframework\boot\spring-boot-devtools\3.4.2\spring-boot-devtools-3.4.2.jar;C:\Users\DELL USER\.m2\repository\org\springframework\boot\spring-boot\3.4.2\spring-boot-3.4.2.jar;C:\Users\DELL USER\.m2\repository\org\springframework\boot\spring-boot-autoconfigure\3.4.2\spring-boot-autoconfigure-3.4.2.jar;C:\Users\DELL USER\.m2\repository\io\jsonwebtoken\jjwt-api\0.12.6\jjwt-api-0.12.6.jar;C:\Users\DELL USER\.m2\repository\io\jsonwebtoken\jjwt-impl\0.12.6\jjwt-impl-0.12.6.jar;C:\Users\DELL USER\.m2\repository\io\jsonwebtoken\jjwt-jackson\0.12.6\jjwt-jackson-0.12.6.jar;C:\Users\DELL USER\.m2\repository\com\fasterxml\jackson\core\jackson-databind\2.15.3\jackson-databind-2.15.3.jar;C:\Users\DELL USER\.m2\repository\com\fasterxml\jackson\core\jackson-core\2.15.3\jackson-core-2.15.3.jar;C:\Users\DELL USER\.m2\repository\com\fasterxml\jackson\core\jackson-annotations\2.15.3\jackson-annotations-2.15.3.jar
Launcher Type: SUN_STANDARD

[Global flags]
     intx CICompilerCount                          = 3                                         {product} {ergonomic}
     uint ConcGCThreads                            = 1                                         {product} {ergonomic}
     uint G1ConcRefinementThreads                  = 4                                         {product} {ergonomic}
   size_t G1HeapRegionSize                         = 1048576                                   {product} {ergonomic}
   size_t InitialHeapSize                          = 134217728                                 {product} {ergonomic}
   size_t MarkStackSize                            = 4194304                                   {product} {ergonomic}
   size_t MarkStackSizeMax                         = 536870912                                 {product} {ergonomic}
   size_t MaxHeapSize                              = 2118123520                                {product} {ergonomic}
   size_t MaxNewSize                               = 1270874112                                {product} {ergonomic}
   size_t MinHeapDeltaBytes                        = 1048576                                   {product} {ergonomic}
   size_t MinHeapSize                              = 8388608                                   {product} {ergonomic}
    uintx NonNMethodCodeHeapSize                   = 5832704                                {pd product} {ergonomic}
    uintx NonProfiledCodeHeapSize                  = 122945536                              {pd product} {ergonomic}
    uintx ProfiledCodeHeapSize                     = 122880000                              {pd product} {ergonomic}
    uintx ReservedCodeCacheSize                    = 251658240                              {pd product} {ergonomic}
     bool SegmentedCodeCache                       = true                                      {product} {ergonomic}
   size_t SoftMaxHeapSize                          = 2118123520                             {manageable} {ergonomic}
     bool UseCompressedOops                        = true                           {product lp64_product} {ergonomic}
     bool UseG1GC                                  = true                                      {product} {ergonomic}
     bool UseLargePagesIndividualAllocation        = false                                  {pd product} {ergonomic}

Logging:
Log output configuration:
 #0: stdout all=warning uptime,level,tags foldmultilines=false
 #1: stderr all=off uptime,level,tags foldmultilines=false

Environment Variables:
JAVA_HOME=C:\Program Files\Java\jdk-22
PATH=C:\Program Files\Common Files\Oracle\Java\javapath;C:\Windows\system32;C:\Windows;C:\Windows\System32\Wbem;C:\Windows\System32\WindowsPowerShell\v1.0\;C:\Windows\System32\OpenSSH\;C:\Program Files\Java\jdk-22\bin;C:\Program Files\nodejs\;C:\Program Files\Go\bin;C:\Program Files\PostgreSQL\17\bin\;C:\Program Files\PostgreSQL\16\bin;C:\Program Files\Git\cmd;C:\Program Files\LLVM\bin;C:\ProgramData\chocolatey\bin;C:\Users\samibyrone\.cargo\bin;C:\Users\DELL USER\Downloads\sui-mainnet-v1.44.3-windows-x86_64;C:\Users\DELL USER\AppData\Local\Programs\Python\Python313\Scripts\;C:\Users\DELL USER\AppData\Local\Programs\Python\Python313\;C:\Users\DELL USER\.cargo\bin;C:\Program Files\Common Files\Oracle\Java\javapath;C:\Windows\system32;C:\Windows;C:\Windows\System32\Wbem;C:\Windows\System32\WindowsPowerShell\v1.0\;C:\Windows\System32\OpenSSH\;C:\Program Files\Java\jdk-22\bin;C:\Program Files\nodejs\;C:\Program Files\Go\bin;C:\Program Files\PostgreSQL\17\bin\;C:\Program Files\PostgreSQL\16\bin;C:\Program Files\Git\cmd;C:\Program Files\LLVM\bin;C:\ProgramData\chocolatey\bin;C:\Users\samibyrone\.cargo\bin;C:\Users\DELL USER\Downloads\sui-mainnet-v1.44.3-windows-x86_64;;C:\Program Files (x86)\Microsoft Visual Studio\2019\Community\VC\Tools\MSVC\14.29.30133\bin\Hostx64\x64;C:\Users\DELL USER\AppData\Local\Programs\Microsoft VS Code\bin
USERNAME=DELL USER
OS=Windows_NT
PROCESSOR_IDENTIFIER=Intel64 Family 6 Model 78 Stepping 3, GenuineIntel
TMP=C:\Users\DELLUS~1\AppData\Local\Temp
TEMP=C:\Users\DELLUS~1\AppData\Local\Temp




Periodic native trim disabled

---------------  S Y S T E M  ---------------

OS:
 Windows 11 , 64 bit Build 22000 (10.0.22000.2538)
OS uptime: 7 days 19:29 hours
Hyper-V role detected

CPU: total 4 (initial active 4) (2 cores per cpu, 2 threads per core) family 6 model 78 stepping 3 microcode 0xd6, cx8, cmov, fxsr, ht, mmx, 3dnowpref, sse, sse2, sse3, ssse3, sse4.1, sse4.2, popcnt, lzcnt, tsc, tscinvbit, avx, avx2, aes, erms, clmul, bmi1, bmi2, rtm, adx, fma, vzeroupper, clflush, clflushopt, hv, rdtscp, f16c
Processor Information for processor 0
  Max Mhz: 2501, Current Mhz: 2501, Mhz Limit: 2501
Processor Information for processor 1
  Max Mhz: 2501, Current Mhz: 1500, Mhz Limit: 2501
Processor Information for processor 2
  Max Mhz: 2501, Current Mhz: 2501, Mhz Limit: 2501
Processor Information for processor 3
  Max Mhz: 2501, Current Mhz: 2501, Mhz Limit: 2501

Memory: 4k page, system-wide physical 8076M (354M free)
TotalPageFile size 32652M (AvailPageFile size 46M)
current process WorkingSet (physical memory assigned to process): 93M, peak: 93M
current process commit charge ("private bytes"): 234M, peak: 234M

vm_info: OpenJDK 64-Bit Server VM (23+37-2369) for windows-amd64 JRE (23+37-2369), built on 2024-08-20T16:01:23Z with MS VC++ 17.6 (VS2022)

END.
