#
# There is insufficient memory for the Java Runtime Environment to continue.
# Native memory allocation (malloc) failed to allocate 2075216 bytes. Error detail: Chunk::new
# Possible reasons:
#   The system is out of physical RAM or swap space
#   This process is running with CompressedOops enabled, and the Java Heap may be blocking the growth of the native heap
# Possible solutions:
#   Reduce memory load on the system
#   Increase physical memory or swap space
#   Check if swap backing store is full
#   Decrease Java heap size (-Xmx/-Xms)
#   Decrease number of Java threads
#   Decrease Java thread stack sizes (-Xss)
#   Set larger code cache with -XX:ReservedCodeCacheSize=
#   JVM is running with Unscaled Compressed Oops mode in which the Java heap is
#     placed in the first 4GB address space. The Java Heap base address is the
#     maximum limit for the native heap growth. Please use -XX:HeapBaseMinAddress
#     to set the Java Heap base and to place the Java Heap above 4GB virtual address.
# This output file may be truncated or incomplete.
#
#  Out of Memory Error (arena.cpp:149), pid=51728, tid=58808
#
# JRE version: OpenJDK Runtime Environment (23.0+37) (build 23+37-2369)
# Java VM: OpenJDK 64-Bit Server VM (23+37-2369, mixed mode, sharing, tiered, compressed oops, compressed class ptrs, g1 gc, windows-amd64)
# No core dump will be written. Minidumps are not enabled by default on client versions of Windows
#

---------------  S U M M A R Y ------------

Command Line: -ea --enable-preview -Didea.test.cyclic.buffer.size=1048576 -javaagent:C:\Program Files\JetBrains\IntelliJ IDEA 2024.2.0.1\lib\idea_rt.jar=54536:C:\Program Files\JetBrains\IntelliJ IDEA 2024.2.0.1\bin -Dfile.encoding=UTF-8 -Dsun.stdout.encoding=UTF-8 -Dsun.stderr.encoding=UTF-8 com.intellij.rt.junit.JUnitStarter -ideVersion5 -junit5 com.semicolon.africa.service.UserServiceImplementationTest

Host: Intel(R) Core(TM) i5-6300U CPU @ 2.40GHz, 4 cores, 7G,  Windows 11 , 64 bit Build 22000 (10.0.22000.2538)
Time: Wed Apr  9 18:20:20 2025 W. Central Africa Standard Time elapsed time: 23.836750 seconds (0d 0h 0m 23s)

---------------  T H R E A D  ---------------

Current thread (0x00000277c19842e0):  JavaThread "C2 CompilerThread0" daemon [_thread_in_native, id=58808, stack(0x0000009f7d300000,0x0000009f7d400000) (1024K)]


Current CompileTask:
C2:23836 5834   !   4       org.springframework.util.ReflectionUtils::doWithMethods (189 bytes)

Stack: [0x0000009f7d300000,0x0000009f7d400000]
Native frames: (J=compiled Java code, j=interpreted, Vv=VM code, C=native code)
V  [jvm.dll+0x6e08a9]  (no source info available)
V  [jvm.dll+0x87da63]  (no source info available)
V  [jvm.dll+0x87feee]  (no source info available)
V  [jvm.dll+0x8805c3]  (no source info available)
V  [jvm.dll+0x27aee6]  (no source info available)
V  [jvm.dll+0xbc06f]  (no source info available)
V  [jvm.dll+0xbc2cb]  (no source info available)
V  [jvm.dll+0x3b3a62]  (no source info available)
V  [jvm.dll+0x38a42b]  (no source info available)
V  [jvm.dll+0x38989a]  (no source info available)
V  [jvm.dll+0x244aa1]  (no source info available)
V  [jvm.dll+0x243dff]  (no source info available)
V  [jvm.dll+0x1c33a0]  (no source info available)
V  [jvm.dll+0x253cf1]  (no source info available)
V  [jvm.dll+0x251faa]  (no source info available)
V  [jvm.dll+0x3ee036]  (no source info available)
V  [jvm.dll+0x824f1b]  (no source info available)
V  [jvm.dll+0x6df055]  (no source info available)
C  [ucrtbase.dll+0x26c0c]  (no source info available)
C  [KERNEL32.DLL+0x153e0]  (no source info available)
C  [ntdll.dll+0x485b]  (no source info available)

Lock stack of current Java thread (top to bottom):


---------------  P R O C E S S  ---------------

Threads class SMR info:
_java_thread_list=0x0000027808b78630, length=19, elements={
0x00000277a54db590, 0x00000277c197e0d0, 0x00000277c197ee90, 0x00000277c1981630,
0x00000277c1982090, 0x00000277c1982af0, 0x00000277c1983550, 0x00000277c19842e0,
0x00000277c19b5830, 0x00000277c1a7c630, 0x00000277c1bb2690, 0x00000277c1bb2d00,
0x000002780762fd30, 0x0000027807507560, 0x0000027807ec0a90, 0x0000027807e85b70,
0x0000027808b59860, 0x0000027808b5edb0, 0x0000027808b5d370
}

Java Threads: ( => current thread )
  0x00000277a54db590 JavaThread "main"                              [_thread_in_vm, id=39860, stack(0x0000009f7c500000,0x0000009f7c600000) (1024K)]
  0x00000277c197e0d0 JavaThread "Reference Handler"          daemon [_thread_blocked, id=32476, stack(0x0000009f7cd00000,0x0000009f7ce00000) (1024K)]
  0x00000277c197ee90 JavaThread "Finalizer"                  daemon [_thread_blocked, id=57500, stack(0x0000009f7ce00000,0x0000009f7cf00000) (1024K)]
  0x00000277c1981630 JavaThread "Signal Dispatcher"          daemon [_thread_blocked, id=56288, stack(0x0000009f7cf00000,0x0000009f7d000000) (1024K)]
  0x00000277c1982090 JavaThread "Attach Listener"            daemon [_thread_blocked, id=50396, stack(0x0000009f7d000000,0x0000009f7d100000) (1024K)]
  0x00000277c1982af0 JavaThread "Service Thread"             daemon [_thread_blocked, id=31996, stack(0x0000009f7d100000,0x0000009f7d200000) (1024K)]
  0x00000277c1983550 JavaThread "Monitor Deflation Thread"   daemon [_thread_blocked, id=26984, stack(0x0000009f7d200000,0x0000009f7d300000) (1024K)]
=>0x00000277c19842e0 JavaThread "C2 CompilerThread0"         daemon [_thread_in_native, id=58808, stack(0x0000009f7d300000,0x0000009f7d400000) (1024K)]
  0x00000277c19b5830 JavaThread "C1 CompilerThread0"         daemon [_thread_blocked, id=25960, stack(0x0000009f7d400000,0x0000009f7d500000) (1024K)]
  0x00000277c1a7c630 JavaThread "Common-Cleaner"             daemon [_thread_blocked, id=43792, stack(0x0000009f7d500000,0x0000009f7d600000) (1024K)]
  0x00000277c1bb2690 JavaThread "Monitor Ctrl-Break"         daemon [_thread_in_native, id=41908, stack(0x0000009f7d600000,0x0000009f7d700000) (1024K)]
  0x00000277c1bb2d00 JavaThread "Notification Thread"        daemon [_thread_blocked, id=8616, stack(0x0000009f7d700000,0x0000009f7d800000) (1024K)]
  0x000002780762fd30 JavaThread "RMI TCP Accept-0"           daemon [_thread_in_native, id=56700, stack(0x0000009f7db00000,0x0000009f7dc00000) (1024K)]
  0x0000027807507560 JavaThread "RMI TCP Connection(1)-172.16.0.59" daemon [_thread_in_native, id=6976, stack(0x0000009f7dc00000,0x0000009f7dd00000) (1024K)]
  0x0000027807ec0a90 JavaThread "RMI Scheduler(0)"           daemon [_thread_blocked, id=40536, stack(0x0000009f7dd00000,0x0000009f7de00000) (1024K)]
  0x0000027807e85b70 JavaThread "JMX server connection timeout 28" daemon [_thread_blocked, id=34536, stack(0x0000009f7de00000,0x0000009f7df00000) (1024K)]
  0x0000027808b59860 JavaThread "PostgreSQL-JDBC-Cleaner"    daemon [_thread_blocked, id=56620, stack(0x0000009f7e000000,0x0000009f7e100000) (1024K)]
  0x0000027808b5edb0 JavaThread "HikariPool-1 housekeeper"   daemon [_thread_blocked, id=16656, stack(0x0000009f7e100000,0x0000009f7e200000) (1024K)]
  0x0000027808b5d370 JavaThread "HikariPool-1 connection adder" daemon [_thread_blocked, id=54624, stack(0x0000009f7e200000,0x0000009f7e300000) (1024K)]
Total: 19

Other Threads:
  0x00000277c19652a0 VMThread "VM Thread"                           [id=49620, stack(0x0000009f7cc00000,0x0000009f7cd00000) (1024K)]
  0x00000277c1953a00 WatcherThread "VM Periodic Task Thread"        [id=34672, stack(0x0000009f7cb00000,0x0000009f7cc00000) (1024K)]
  0x00000277a5532e20 WorkerThread "GC Thread#0"                     [id=36996, stack(0x0000009f7c600000,0x0000009f7c700000) (1024K)]
  0x0000027807421250 WorkerThread "GC Thread#1"                     [id=43436, stack(0x0000009f7d800000,0x0000009f7d900000) (1024K)]
  0x000002780742c6f0 WorkerThread "GC Thread#2"                     [id=41436, stack(0x0000009f7d900000,0x0000009f7da00000) (1024K)]
  0x00000278074473f0 WorkerThread "GC Thread#3"                     [id=27040, stack(0x0000009f7da00000,0x0000009f7db00000) (1024K)]
  0x00000277a5548360 ConcurrentGCThread "G1 Main Marker"            [id=24104, stack(0x0000009f7c700000,0x0000009f7c800000) (1024K)]
  0x00000277a5548e70 WorkerThread "G1 Conc#0"                       [id=50240, stack(0x0000009f7c800000,0x0000009f7c900000) (1024K)]
  0x00000277a559e4c0 ConcurrentGCThread "G1 Refine#0"               [id=15572, stack(0x0000009f7c900000,0x0000009f7ca00000) (1024K)]
  0x00000277c1819510 ConcurrentGCThread "G1 Service"                [id=28468, stack(0x0000009f7ca00000,0x0000009f7cb00000) (1024K)]
Total: 10

Threads with active compile tasks:
C2 CompilerThread0  23988 5834   !   4       org.springframework.util.ReflectionUtils::doWithMethods (189 bytes)
Total: 1

VM state: not at safepoint (normal execution)

VM Mutex/Monitor currently owned by a thread: None

Heap address: 0x0000000081c00000, size: 2020 MB, Compressed Oops mode: 32-bit

CDS archive(s) mapped at: [0x00000277c2000000-0x00000277c2d70000-0x00000277c2d70000), size 14090240, SharedBaseAddress: 0x00000277c2000000, ArchiveRelocationMode: 1.
Compressed class space mapped at: 0x00000277c3000000-0x0000027803000000, reserved size: 1073741824
Narrow klass base: 0x00000277c2000000, Narrow klass shift: 0, Narrow klass range: 0x41000000

GC Precious Log:
 CardTable entry size: 512
 Card Set container configuration: InlinePtr #cards 5 size 8 Array Of Cards #cards 10 size 36 Howl #buckets 4 coarsen threshold 1843 Howl Bitmap #cards 512 size 80 coarsen threshold 460 Card regions per heap region 1 cards per card region 2048
 CPUs: 4 total, 4 available
 Memory: 8076M
 Large Page Support: Disabled
 NUMA Support: Disabled
 Compressed Oops: Enabled (32-bit)
 Heap Region Size: 1M
 Heap Min Capacity: 8M
 Heap Initial Capacity: 128M
 Heap Max Capacity: 2020M
 Pre-touch: Disabled
 Parallel Workers: 4
 Concurrent Workers: 1
 Concurrent Refinement Workers: 4
 Periodic GC: Disabled

Heap:
 garbage-first heap   total reserved 2068480K, committed 54272K, used 43283K [0x0000000081c00000, 0x0000000100000000)
  region size 1024K, 16 young (16384K), 2 survivors (2048K)
 Metaspace       used 67570K, committed 68224K, reserved 1114112K
  class space    used 9599K, committed 9856K, reserved 1048576K

Heap Regions: E=young(eden), S=young(survivor), O=old, HS=humongous(starts), HC=humongous(continues), CS=collection set, F=free, TAMS=top-at-mark-start, PB=parsable bottom
|   0|0x0000000081c00000, 0x0000000081d00000, 0x0000000081d00000|100%|HS|  |TAMS 0x0000000081c00000| PB 0x0000000081c00000| Complete |  0
|   1|0x0000000081d00000, 0x0000000081e00000, 0x0000000081e00000|100%| O|  |TAMS 0x0000000081d00000| PB 0x0000000081d00000| Untracked |  0
|   2|0x0000000081e00000, 0x0000000081f00000, 0x0000000081f00000|100%| O|  |TAMS 0x0000000081e00000| PB 0x0000000081e00000| Untracked |  0
|   3|0x0000000081f00000, 0x0000000082000000, 0x0000000082000000|100%| O|  |TAMS 0x0000000081f00000| PB 0x0000000081f00000| Untracked |  0
|   4|0x0000000082000000, 0x0000000082100000, 0x0000000082100000|100%| O|  |TAMS 0x0000000082000000| PB 0x0000000082000000| Untracked |  0
|   5|0x0000000082100000, 0x0000000082200000, 0x0000000082200000|100%| O|  |TAMS 0x0000000082100000| PB 0x0000000082100000| Untracked |  0
|   6|0x0000000082200000, 0x0000000082300000, 0x0000000082300000|100%| O|  |TAMS 0x0000000082200000| PB 0x0000000082200000| Untracked |  0
|   7|0x0000000082300000, 0x0000000082400000, 0x0000000082400000|100%| O|  |TAMS 0x0000000082300000| PB 0x0000000082300000| Untracked |  0
|   8|0x0000000082400000, 0x0000000082500000, 0x0000000082500000|100%| O|  |TAMS 0x0000000082400000| PB 0x0000000082400000| Untracked |  0
|   9|0x0000000082500000, 0x0000000082600000, 0x0000000082600000|100%| O|  |TAMS 0x0000000082500000| PB 0x0000000082500000| Untracked |  0
|  10|0x0000000082600000, 0x0000000082700000, 0x0000000082700000|100%| O|  |TAMS 0x0000000082600000| PB 0x0000000082600000| Untracked |  0
|  11|0x0000000082700000, 0x0000000082800000, 0x0000000082800000|100%| O|  |TAMS 0x0000000082700000| PB 0x0000000082700000| Untracked |  0
|  12|0x0000000082800000, 0x0000000082900000, 0x0000000082900000|100%| O|  |TAMS 0x0000000082800000| PB 0x0000000082800000| Untracked |  0
|  13|0x0000000082900000, 0x0000000082a00000, 0x0000000082a00000|100%| O|  |TAMS 0x0000000082900000| PB 0x0000000082900000| Untracked |  0
|  14|0x0000000082a00000, 0x0000000082b00000, 0x0000000082b00000|100%| O|  |TAMS 0x0000000082a00000| PB 0x0000000082a00000| Untracked |  0
|  15|0x0000000082b00000, 0x0000000082c00000, 0x0000000082c00000|100%| O|  |TAMS 0x0000000082b00000| PB 0x0000000082b00000| Untracked |  0
|  16|0x0000000082c00000, 0x0000000082d00000, 0x0000000082d00000|100%| O|  |TAMS 0x0000000082c00000| PB 0x0000000082c00000| Untracked |  0
|  17|0x0000000082d00000, 0x0000000082e00000, 0x0000000082e00000|100%| O|  |TAMS 0x0000000082d00000| PB 0x0000000082d00000| Untracked |  0
|  18|0x0000000082e00000, 0x0000000082f00000, 0x0000000082f00000|100%| O|  |TAMS 0x0000000082e00000| PB 0x0000000082e00000| Untracked |  0
|  19|0x0000000082f00000, 0x0000000083000000, 0x0000000083000000|100%| O|  |TAMS 0x0000000082f00000| PB 0x0000000082f00000| Untracked |  0
|  20|0x0000000083000000, 0x0000000083000000, 0x0000000083100000|  0%| F|  |TAMS 0x0000000083000000| PB 0x0000000083000000| Untracked |  0
|  21|0x0000000083100000, 0x0000000083200000, 0x0000000083200000|100%| O|  |TAMS 0x0000000083100000| PB 0x0000000083100000| Untracked |  0
|  22|0x0000000083200000, 0x0000000083300000, 0x0000000083300000|100%| O|  |TAMS 0x0000000083200000| PB 0x0000000083200000| Untracked |  0
|  23|0x0000000083300000, 0x0000000083400000, 0x0000000083400000|100%| O|  |TAMS 0x0000000083300000| PB 0x0000000083300000| Untracked |  0
|  24|0x0000000083400000, 0x0000000083500000, 0x0000000083500000|100%| O|  |TAMS 0x0000000083400000| PB 0x0000000083400000| Untracked |  0
|  25|0x0000000083500000, 0x0000000083600000, 0x0000000083600000|100%| O|  |TAMS 0x0000000083500000| PB 0x0000000083500000| Untracked |  0
|  26|0x0000000083600000, 0x0000000083700000, 0x0000000083700000|100%| O|  |TAMS 0x0000000083600000| PB 0x0000000083600000| Untracked |  0
|  27|0x0000000083700000, 0x0000000083700000, 0x0000000083800000|  0%| F|  |TAMS 0x0000000083700000| PB 0x0000000083700000| Untracked |  0
|  28|0x0000000083800000, 0x0000000083800000, 0x0000000083900000|  0%| F|  |TAMS 0x0000000083800000| PB 0x0000000083800000| Untracked |  0
|  29|0x0000000083900000, 0x0000000083900000, 0x0000000083a00000|  0%| F|  |TAMS 0x0000000083900000| PB 0x0000000083900000| Untracked |  0
|  30|0x0000000083a00000, 0x0000000083b00000, 0x0000000083b00000|100%| O|  |TAMS 0x0000000083a00000| PB 0x0000000083a00000| Untracked |  0
|  31|0x0000000083b00000, 0x0000000083b44df0, 0x0000000083c00000| 26%| O|  |TAMS 0x0000000083b00000| PB 0x0000000083b00000| Untracked |  0
|  32|0x0000000083c00000, 0x0000000083c00000, 0x0000000083d00000|  0%| F|  |TAMS 0x0000000083c00000| PB 0x0000000083c00000| Untracked |  0
|  33|0x0000000083d00000, 0x0000000083d00000, 0x0000000083e00000|  0%| F|  |TAMS 0x0000000083d00000| PB 0x0000000083d00000| Untracked |  0
|  34|0x0000000083e00000, 0x0000000083f00000, 0x0000000083f00000|100%| S|CS|TAMS 0x0000000083e00000| PB 0x0000000083e00000| Complete |  0
|  35|0x0000000083f00000, 0x0000000084000000, 0x0000000084000000|100%| S|CS|TAMS 0x0000000083f00000| PB 0x0000000083f00000| Complete |  0
|  36|0x0000000084000000, 0x0000000084000000, 0x0000000084100000|  0%| F|  |TAMS 0x0000000084000000| PB 0x0000000084000000| Untracked |  0
|  37|0x0000000084100000, 0x0000000084100000, 0x0000000084200000|  0%| F|  |TAMS 0x0000000084100000| PB 0x0000000084100000| Untracked |  0
|  38|0x0000000084200000, 0x0000000084200000, 0x0000000084300000|  0%| F|  |TAMS 0x0000000084200000| PB 0x0000000084200000| Untracked |  0
|  39|0x0000000084300000, 0x00000000843bc300, 0x0000000084400000| 73%| E|  |TAMS 0x0000000084300000| PB 0x0000000084300000| Complete |  0
|  40|0x0000000084400000, 0x0000000084500000, 0x0000000084500000|100%| E|CS|TAMS 0x0000000084400000| PB 0x0000000084400000| Complete |  0
|  41|0x0000000084500000, 0x0000000084600000, 0x0000000084600000|100%| E|CS|TAMS 0x0000000084500000| PB 0x0000000084500000| Complete |  0
|  42|0x0000000084600000, 0x0000000084700000, 0x0000000084700000|100%| E|CS|TAMS 0x0000000084600000| PB 0x0000000084600000| Complete |  0
|  43|0x0000000084700000, 0x0000000084800000, 0x0000000084800000|100%| E|CS|TAMS 0x0000000084700000| PB 0x0000000084700000| Complete |  0
|  44|0x0000000084800000, 0x0000000084900000, 0x0000000084900000|100%| E|CS|TAMS 0x0000000084800000| PB 0x0000000084800000| Complete |  0
|  45|0x0000000084900000, 0x0000000084a00000, 0x0000000084a00000|100%| E|CS|TAMS 0x0000000084900000| PB 0x0000000084900000| Complete |  0
|  46|0x0000000084a00000, 0x0000000084b00000, 0x0000000084b00000|100%| E|CS|TAMS 0x0000000084a00000| PB 0x0000000084a00000| Complete |  0
|  47|0x0000000084b00000, 0x0000000084c00000, 0x0000000084c00000|100%| E|CS|TAMS 0x0000000084b00000| PB 0x0000000084b00000| Complete |  0
|  48|0x0000000084c00000, 0x0000000084d00000, 0x0000000084d00000|100%| E|CS|TAMS 0x0000000084c00000| PB 0x0000000084c00000| Complete |  0
| 104|0x0000000088400000, 0x0000000088500000, 0x0000000088500000|100%| E|CS|TAMS 0x0000000088400000| PB 0x0000000088400000| Complete |  0
| 105|0x0000000088500000, 0x0000000088600000, 0x0000000088600000|100%| E|CS|TAMS 0x0000000088500000| PB 0x0000000088500000| Complete |  0
| 106|0x0000000088600000, 0x0000000088700000, 0x0000000088700000|100%| E|CS|TAMS 0x0000000088600000| PB 0x0000000088600000| Complete |  0
| 107|0x0000000088700000, 0x0000000088800000, 0x0000000088800000|100%| E|CS|TAMS 0x0000000088700000| PB 0x0000000088700000| Complete |  0

Card table byte_map: [0x00000277bd010000,0x00000277bd410000] _byte_map_base: 0x00000277bcc02000

Marking Bits: (CMBitMap*) 0x00000277a5533530
 Bits: [0x00000277bd410000, 0x00000277bf3a0000)

Polling page: 0x00000277a3520000

Metaspace:

Usage:
  Non-class:     56.62 MB used.
      Class:      9.38 MB used.
       Both:     66.00 MB used.

Virtual space:
  Non-class space:       64.00 MB reserved,      57.00 MB ( 89%) committed,  1 nodes.
      Class space:        1.00 GB reserved,       9.69 MB ( <1%) committed,  1 nodes.
             Both:        1.06 GB reserved,      66.69 MB (  6%) committed. 

Chunk freelists:
   Non-Class:  6.95 MB
       Class:  6.17 MB
        Both:  13.12 MB

MaxMetaspaceSize: unlimited
CompressedClassSpaceSize: 1.00 GB
Initial GC threshold: 21.00 MB
Current GC threshold: 98.12 MB
CDS: on
 - commit_granule_bytes: 65536.
 - commit_granule_words: 8192.
 - virtual_space_node_default_size: 8388608.
 - enlarge_chunks_in_place: 1.
 - use_allocation_guard: 0.


Internal statistics:

num_allocs_failed_limit: 11.
num_arena_births: 958.
num_arena_deaths: 0.
num_vsnodes_births: 2.
num_vsnodes_deaths: 0.
num_space_committed: 1067.
num_space_uncommitted: 0.
num_chunks_returned_to_freelist: 11.
num_chunks_taken_from_freelist: 3351.
num_chunk_merges: 11.
num_chunk_splits: 2366.
num_chunks_enlarged: 1821.
num_inconsistent_stats: 0.

CodeHeap 'non-profiled nmethods': size=120064Kb used=2207Kb max_used=2207Kb free=117856Kb
 bounds [0x00000277b56d0000, 0x00000277b5940000, 0x00000277bcc10000]
CodeHeap 'profiled nmethods': size=120000Kb used=8422Kb max_used=8422Kb free=111577Kb
 bounds [0x00000277adc10000, 0x00000277ae450000, 0x00000277b5140000]
CodeHeap 'non-nmethods': size=5696Kb used=1649Kb max_used=1741Kb free=4046Kb
 bounds [0x00000277b5140000, 0x00000277b53b0000, 0x00000277b56d0000]
CodeCache: size=245760Kb, used=12278Kb, max_used=12370Kb, free=233479Kb
 total_blobs=6220, nmethods=5511, adapters=614, full_count=0
Compilation: enabled, stopped_count=0, restarted_count=0

Compilation events (20 events):
Event: 23.196 Thread 0x00000277c19842e0 nmethod 6135 0x00000277b57d6288 code [0x00000277b57d6380, 0x00000277b57d6498]
Event: 23.197 Thread 0x00000277c19842e0 6061   !   4       org.springframework.core.annotation.AnnotationsScanner::processMethodHierarchy (276 bytes)
Event: 23.247 Thread 0x00000277c19b5830 6149       2       jdk.internal.jimage.ImageReader::requireOpen (18 bytes)
Event: 23.248 Thread 0x00000277c19b5830 nmethod 6149 0x00000277ae445008 code [0x00000277ae445140, 0x00000277ae445310]
Event: 23.302 Thread 0x00000277c19b5830 6150       2       jdk.internal.jimage.ImageLocation::getAttribute (44 bytes)
Event: 23.303 Thread 0x00000277c19b5830 nmethod 6150 0x00000277ae445388 code [0x00000277ae445500, 0x00000277ae4458d8]
Event: 23.336 Thread 0x00000277c19b5830 6151       2       java.nio.Buffer::remaining (20 bytes)
Event: 23.336 Thread 0x00000277c19b5830 nmethod 6151 0x00000277ae445988 code [0x00000277ae445aa0, 0x00000277ae445bb8]
Event: 23.375 Thread 0x00000277c19b5830 6152       2       sun.invoke.util.ValueConversions::boxBoolean (5 bytes)
Event: 23.375 Thread 0x00000277c19b5830 nmethod 6152 0x00000277ae445c88 code [0x00000277ae445da0, 0x00000277ae445ea0]
Event: 23.396 Thread 0x00000277c19842e0 nmethod 6061 0x00000277b583b708 code [0x00000277b583bc00, 0x00000277b583f658]
Event: 23.398 Thread 0x00000277c19842e0 5834   !   4       org.springframework.util.ReflectionUtils::doWithMethods (189 bytes)
Event: 23.450 Thread 0x00000277c19b5830 6153       2       jdk.internal.util.ByteArray::getLong (9 bytes)
Event: 23.450 Thread 0x00000277c19b5830 nmethod 6153 0x00000277ae445f88 code [0x00000277ae4460a0, 0x00000277ae446218]
Event: 23.450 Thread 0x00000277c19b5830 6154       2       java.lang.invoke.VarHandleByteArrayAsLongs$ArrayHandle::get (36 bytes)
Event: 23.451 Thread 0x00000277c19b5830 nmethod 6154 0x00000277ae446288 code [0x00000277ae4463c0, 0x00000277ae4465a0]
Event: 23.451 Thread 0x00000277c19b5830 6156   !   2       java.io.ObjectOutputStream::writeSerialData (223 bytes)
Event: 23.453 Thread 0x00000277c19b5830 nmethod 6156 0x00000277ae446608 code [0x00000277ae4467c0, 0x00000277ae447070]
Event: 23.453 Thread 0x00000277c19b5830 6155       2       java.io.ObjectOutputStream$BlockDataOutputStream::writeLong (48 bytes)
Event: 23.454 Thread 0x00000277c19b5830 nmethod 6155 0x00000277ae447108 code [0x00000277ae447240, 0x00000277ae447460]

GC Heap History (20 events):
Event: 10.011 GC heap before
{Heap before GC invocations=7 (full 0):
 garbage-first heap   total reserved 2068480K, committed 45056K, used 34031K [0x0000000081c00000, 0x0000000100000000)
  region size 1024K, 20 young (20480K), 3 survivors (3072K)
 Metaspace       used 30293K, committed 30656K, reserved 1114112K
  class space    used 3935K, committed 4096K, reserved 1048576K
}
Event: 10.022 GC heap after
{Heap after GC invocations=8 (full 0):
 garbage-first heap   total reserved 2068480K, committed 54272K, used 17959K [0x0000000081c00000, 0x0000000100000000)
  region size 1024K, 2 young (2048K), 2 survivors (2048K)
 Metaspace       used 30293K, committed 30656K, reserved 1114112K
  class space    used 3935K, committed 4096K, reserved 1048576K
}
Event: 11.851 GC heap before
{Heap before GC invocations=8 (full 0):
 garbage-first heap   total reserved 2068480K, committed 54272K, used 42535K [0x0000000081c00000, 0x0000000100000000)
  region size 1024K, 26 young (26624K), 2 survivors (2048K)
 Metaspace       used 33851K, committed 34432K, reserved 1114112K
  class space    used 4485K, committed 4736K, reserved 1048576K
}
Event: 11.862 GC heap after
{Heap after GC invocations=9 (full 0):
 garbage-first heap   total reserved 2068480K, committed 54272K, used 20102K [0x0000000081c00000, 0x0000000100000000)
  region size 1024K, 4 young (4096K), 4 survivors (4096K)
 Metaspace       used 33851K, committed 34432K, reserved 1114112K
  class space    used 4485K, committed 4736K, reserved 1048576K
}
Event: 12.396 GC heap before
{Heap before GC invocations=9 (full 0):
 garbage-first heap   total reserved 2068480K, committed 54272K, used 26246K [0x0000000081c00000, 0x0000000100000000)
  region size 1024K, 11 young (11264K), 4 survivors (4096K)
 Metaspace       used 35481K, committed 35968K, reserved 1114112K
  class space    used 4706K, committed 4928K, reserved 1048576K
}
Event: 12.410 GC heap after
{Heap after GC invocations=10 (full 0):
 garbage-first heap   total reserved 2068480K, committed 54272K, used 20423K [0x0000000081c00000, 0x0000000100000000)
  region size 1024K, 1 young (1024K), 1 survivors (1024K)
 Metaspace       used 35481K, committed 35968K, reserved 1114112K
  class space    used 4706K, committed 4928K, reserved 1048576K
}
Event: 14.268 GC heap before
{Heap before GC invocations=11 (full 0):
 garbage-first heap   total reserved 2068480K, committed 54272K, used 42951K [0x0000000081c00000, 0x0000000100000000)
  region size 1024K, 24 young (24576K), 1 survivors (1024K)
 Metaspace       used 40902K, committed 41408K, reserved 1114112K
  class space    used 5623K, committed 5824K, reserved 1048576K
}
Event: 14.275 GC heap after
{Heap after GC invocations=12 (full 0):
 garbage-first heap   total reserved 2068480K, committed 54272K, used 21597K [0x0000000081c00000, 0x0000000100000000)
  region size 1024K, 2 young (2048K), 2 survivors (2048K)
 Metaspace       used 40902K, committed 41408K, reserved 1114112K
  class space    used 5623K, committed 5824K, reserved 1048576K
}
Event: 16.507 GC heap before
{Heap before GC invocations=12 (full 0):
 garbage-first heap   total reserved 2068480K, committed 54272K, used 45149K [0x0000000081c00000, 0x0000000100000000)
  region size 1024K, 25 young (25600K), 2 survivors (2048K)
 Metaspace       used 46953K, committed 47616K, reserved 1114112K
  class space    used 6435K, committed 6720K, reserved 1048576K
}
Event: 16.517 GC heap after
{Heap after GC invocations=13 (full 0):
 garbage-first heap   total reserved 2068480K, committed 54272K, used 22934K [0x0000000081c00000, 0x0000000100000000)
  region size 1024K, 3 young (3072K), 3 survivors (3072K)
 Metaspace       used 46953K, committed 47616K, reserved 1114112K
  class space    used 6435K, committed 6720K, reserved 1048576K
}
Event: 18.499 GC heap before
{Heap before GC invocations=13 (full 0):
 garbage-first heap   total reserved 2068480K, committed 54272K, used 46486K [0x0000000081c00000, 0x0000000100000000)
  region size 1024K, 26 young (26624K), 3 survivors (3072K)
 Metaspace       used 53777K, committed 54400K, reserved 1114112K
  class space    used 7485K, committed 7744K, reserved 1048576K
}
Event: 18.512 GC heap after
{Heap after GC invocations=14 (full 0):
 garbage-first heap   total reserved 2068480K, committed 54272K, used 24432K [0x0000000081c00000, 0x0000000100000000)
  region size 1024K, 3 young (3072K), 3 survivors (3072K)
 Metaspace       used 53777K, committed 54400K, reserved 1114112K
  class space    used 7485K, committed 7744K, reserved 1048576K
}
Event: 19.674 GC heap before
{Heap before GC invocations=14 (full 0):
 garbage-first heap   total reserved 2068480K, committed 54272K, used 45936K [0x0000000081c00000, 0x0000000100000000)
  region size 1024K, 25 young (25600K), 3 survivors (3072K)
 Metaspace       used 58450K, committed 59136K, reserved 1114112K
  class space    used 8186K, committed 8512K, reserved 1048576K
}
Event: 19.686 GC heap after
{Heap after GC invocations=15 (full 0):
 garbage-first heap   total reserved 2068480K, committed 54272K, used 25908K [0x0000000081c00000, 0x0000000100000000)
  region size 1024K, 3 young (3072K), 3 survivors (3072K)
 Metaspace       used 58450K, committed 59136K, reserved 1114112K
  class space    used 8186K, committed 8512K, reserved 1048576K
}
Event: 19.899 GC heap before
{Heap before GC invocations=15 (full 0):
 garbage-first heap   total reserved 2068480K, committed 54272K, used 27956K [0x0000000081c00000, 0x0000000100000000)
  region size 1024K, 7 young (7168K), 3 survivors (3072K)
 Metaspace       used 59497K, committed 60096K, reserved 1114112K
  class space    used 8292K, committed 8576K, reserved 1048576K
}
Event: 19.907 GC heap after
{Heap after GC invocations=16 (full 0):
 garbage-first heap   total reserved 2068480K, committed 54272K, used 26121K [0x0000000081c00000, 0x0000000100000000)
  region size 1024K, 2 young (2048K), 2 survivors (2048K)
 Metaspace       used 59497K, committed 60096K, reserved 1114112K
  class space    used 8292K, committed 8576K, reserved 1048576K
}
Event: 21.210 GC heap before
{Heap before GC invocations=17 (full 0):
 garbage-first heap   total reserved 2068480K, committed 54272K, used 47625K [0x0000000081c00000, 0x0000000100000000)
  region size 1024K, 23 young (23552K), 2 survivors (2048K)
 Metaspace       used 62700K, committed 63360K, reserved 1114112K
  class space    used 8868K, committed 9152K, reserved 1048576K
}
Event: 21.223 GC heap after
{Heap after GC invocations=18 (full 0):
 garbage-first heap   total reserved 2068480K, committed 54272K, used 28142K [0x0000000081c00000, 0x0000000100000000)
  region size 1024K, 3 young (3072K), 3 survivors (3072K)
 Metaspace       used 62700K, committed 63360K, reserved 1114112K
  class space    used 8868K, committed 9152K, reserved 1048576K
}
Event: 22.141 GC heap before
{Heap before GC invocations=18 (full 0):
 garbage-first heap   total reserved 2068480K, committed 54272K, used 45550K [0x0000000081c00000, 0x0000000100000000)
  region size 1024K, 20 young (20480K), 3 survivors (3072K)
 Metaspace       used 65110K, committed 65792K, reserved 1114112K
  class space    used 9214K, committed 9536K, reserved 1048576K
}
Event: 22.157 GC heap after
{Heap after GC invocations=19 (full 0):
 garbage-first heap   total reserved 2068480K, committed 54272K, used 29971K [0x0000000081c00000, 0x0000000100000000)
  region size 1024K, 2 young (2048K), 2 survivors (2048K)
 Metaspace       used 65110K, committed 65792K, reserved 1114112K
  class space    used 9214K, committed 9536K, reserved 1048576K
}

Dll operation events (14 events):
Event: 0.110 Loaded shared library C:\Users\DELL USER\.jdks\openjdk-23\bin\java.dll
Event: 0.281 Loaded shared library C:\Users\DELL USER\.jdks\openjdk-23\bin\jsvml.dll
Event: 1.077 Loaded shared library C:\Users\DELL USER\.jdks\openjdk-23\bin\zip.dll
Event: 1.091 Loaded shared library C:\Users\DELL USER\.jdks\openjdk-23\bin\instrument.dll
Event: 1.102 Loaded shared library C:\Users\DELL USER\.jdks\openjdk-23\bin\net.dll
Event: 1.110 Loaded shared library C:\Users\DELL USER\.jdks\openjdk-23\bin\nio.dll
Event: 1.120 Loaded shared library C:\Users\DELL USER\.jdks\openjdk-23\bin\zip.dll
Event: 1.152 Loaded shared library C:\Program Files\JetBrains\IntelliJ IDEA 2024.2.0.1\bin\breakgen64.dll
Event: 1.183 Loaded shared library C:\Users\DELL USER\.jdks\openjdk-23\bin\extnet.dll
Event: 1.443 Loaded shared library C:\Users\DELL USER\.jdks\openjdk-23\bin\jimage.dll
Event: 2.750 Loaded shared library C:\Users\DELL USER\.jdks\openjdk-23\bin\management.dll
Event: 2.825 Loaded shared library C:\Users\DELL USER\.jdks\openjdk-23\bin\management_ext.dll
Event: 8.591 Loaded shared library C:\Users\DELL USER\.jdks\openjdk-23\bin\sunmscapi.dll
Event: 13.331 Loaded shared library C:\Users\DELL USER\.jdks\openjdk-23\bin\verify.dll

Deoptimization events (20 events):
Event: 21.909 Thread 0x00000277a54db590 Uncommon trap: trap_request=0xffffffde fr.pc=0x00000277b57a7508 relative=0x00000000000001a8
Event: 21.909 Thread 0x00000277a54db590 Uncommon trap: reason=class_check action=maybe_recompile pc=0x00000277b57a7508 method=org.springframework.boot.context.properties.source.ConfigurationPropertyName$Elements.charAt(II)C @ 43 c2
Event: 21.909 Thread 0x00000277a54db590 DEOPT PACKING pc=0x00000277b57a7508 sp=0x0000009f7c5f9390
Event: 21.909 Thread 0x00000277a54db590 DEOPT UNPACKING pc=0x00000277b5194402 sp=0x0000009f7c5f9308 mode 2
Event: 21.947 Thread 0x00000277a54db590 Uncommon trap: trap_request=0xffffff45 fr.pc=0x00000277b5810f58 relative=0x0000000000000218
Event: 21.947 Thread 0x00000277a54db590 Uncommon trap: reason=unstable_if action=reinterpret pc=0x00000277b5810f58 method=org.springframework.util.ClassUtils.isAssignable(Ljava/lang/Class;Ljava/lang/Class;)Z @ 26 c2
Event: 21.947 Thread 0x00000277a54db590 DEOPT PACKING pc=0x00000277b5810f58 sp=0x0000009f7c5fb760
Event: 21.947 Thread 0x00000277a54db590 DEOPT UNPACKING pc=0x00000277b5194402 sp=0x0000009f7c5fb708 mode 2
Event: 22.664 Thread 0x00000277a54db590 Uncommon trap: trap_request=0xffffff45 fr.pc=0x00000277b5841ed4 relative=0x0000000000000274
Event: 22.664 Thread 0x00000277a54db590 Uncommon trap: reason=unstable_if action=reinterpret pc=0x00000277b5841ed4 method=org.springframework.beans.factory.support.AbstractAutowireCapableBeanFactory.determineTargetType(Ljava/lang/String;Lorg/springframework/beans/factory/support/RootBeanDefinit
Event: 22.664 Thread 0x00000277a54db590 DEOPT PACKING pc=0x00000277b5841ed4 sp=0x0000009f7c5fafb0
Event: 22.664 Thread 0x00000277a54db590 DEOPT UNPACKING pc=0x00000277b5194402 sp=0x0000009f7c5faf98 mode 2
Event: 22.677 Thread 0x00000277a54db590 Uncommon trap: trap_request=0xffffff45 fr.pc=0x00000277b56db7d4 relative=0x0000000000000294
Event: 22.677 Thread 0x00000277a54db590 Uncommon trap: reason=unstable_if action=reinterpret pc=0x00000277b56db7d4 method=java.lang.String.isLatin1()Z @ 10 c2
Event: 22.677 Thread 0x00000277a54db590 DEOPT PACKING pc=0x00000277b56db7d4 sp=0x0000009f7c5fa3d0
Event: 22.677 Thread 0x00000277a54db590 DEOPT UNPACKING pc=0x00000277b5194402 sp=0x0000009f7c5fa300 mode 2
Event: 22.739 Thread 0x00000277a54db590 Uncommon trap: trap_request=0xffffff45 fr.pc=0x00000277b581dbcc relative=0x00000000000001ac
Event: 22.739 Thread 0x00000277a54db590 Uncommon trap: reason=unstable_if action=reinterpret pc=0x00000277b581dbcc method=java.util.IdentityHashMap.nextKeyIndex(II)I @ 4 c2
Event: 22.739 Thread 0x00000277a54db590 DEOPT PACKING pc=0x00000277b581dbcc sp=0x0000009f7c5faaf0
Event: 22.739 Thread 0x00000277a54db590 DEOPT UNPACKING pc=0x00000277b5194402 sp=0x0000009f7c5fa9f8 mode 2

Classes loaded (20 events):
Event: 22.862 Loading class java/lang/ProcessHandle$Info
Event: 22.862 Loading class java/lang/ProcessHandle$Info done
Event: 22.891 Loading class java/util/jar/JarInputStream
Event: 22.891 Loading class java/util/zip/ZipInputStream
Event: 22.892 Loading class java/util/zip/ZipInputStream done
Event: 22.892 Loading class java/util/jar/JarInputStream done
Event: 22.893 Loading class sun/security/util/ManifestEntryVerifier
Event: 22.893 Loading class sun/security/util/ManifestEntryVerifier done
Event: 22.895 Loading class java/lang/ProcessBuilder
Event: 22.896 Loading class java/lang/ProcessBuilder done
Event: 22.896 Loading class java/lang/ProcessImpl
Event: 22.897 Loading class java/lang/ProcessImpl done
Event: 22.971 Loading class java/lang/ProcessImpl$2
Event: 22.971 Loading class java/lang/ProcessImpl$2 done
Event: 22.971 Loading class java/lang/Process$PipeOutputStream
Event: 22.972 Loading class java/lang/Process$PipeOutputStream done
Event: 22.972 Loading class java/lang/Process$PipeInputStream
Event: 22.972 Loading class java/lang/Process$PipeInputStream done
Event: 22.972 Loading class jdk/internal/event/ProcessStartEvent
Event: 22.973 Loading class jdk/internal/event/ProcessStartEvent done

Classes unloaded (0 events):
No events

Classes redefined (0 events):
No events

Internal exceptions (20 events):
Event: 19.126 Thread 0x00000277a54db590 Exception <a 'java/lang/NoSuchMethodError'{0x000000008458a400}: 'java.lang.Object java.lang.invoke.Invokers$Holder.linkToTargetMethod(java.lang.Object, java.lang.Object, java.lang.Object, java.lang.Object, java.lang.Object, java.lang.Object, int, java.lang.Object)'> (0x000000008458a400) 
thrown [s\open\src\hotspot\share\interpreter\linkResolver.cpp, line 796]
Event: 19.438 Thread 0x00000277a54db590 Exception <a 'java/lang/NoSuchMethodError'{0x00000000840227b0}: 'void java.lang.invoke.Invokers$Holder.invokeExact_MT(java.lang.Object, java.lang.Object, java.lang.Object, java.lang.Object)'> (0x00000000840227b0) 
thrown [s\open\src\hotspot\share\interpreter\linkResolver.cpp, line 796]
Event: 19.625 Thread 0x00000277a54db590 Exception <a 'java/lang/IncompatibleClassChangeError'{0x0000000083b157f0}: Found class java.lang.Object, but interface was expected> (0x0000000083b157f0) 
thrown [s\open\src\hotspot\share\interpreter\linkResolver.cpp, line 863]
Event: 19.725 Thread 0x00000277a54db590 Exception <a 'java/lang/IncompatibleClassChangeError'{0x00000000887ce6f8}: Found class java.lang.Object, but interface was expected> (0x00000000887ce6f8) 
thrown [s\open\src\hotspot\share\interpreter\linkResolver.cpp, line 863]
Event: 20.217 Thread 0x00000277a54db590 Exception <a 'java/lang/IncompatibleClassChangeError'{0x00000000884d6310}: Found class java.lang.Object, but interface was expected> (0x00000000884d6310) 
thrown [s\open\src\hotspot\share\interpreter\linkResolver.cpp, line 863]
Event: 20.257 Thread 0x00000277a54db590 Exception <a 'java/lang/NoSuchMethodError'{0x0000000084a60c18}: 'void java.lang.invoke.DirectMethodHandle$Holder.invokeSpecial(java.lang.Object, java.lang.Object, java.lang.Object, java.lang.Object, java.lang.Object, java.lang.Object, java.lang.Object)'> (0x0000000084a60c18) 
thrown [s\open\src\hotspot\share\interpreter\linkResolver.cpp, line 796]
Event: 20.410 Thread 0x00000277a54db590 Exception <a 'java/lang/IncompatibleClassChangeError'{0x00000000848ce7c0}: Found class java.lang.Object, but interface was expected> (0x00000000848ce7c0) 
thrown [s\open\src\hotspot\share\interpreter\linkResolver.cpp, line 863]
Event: 20.411 Thread 0x00000277a54db590 Exception <a 'java/lang/IncompatibleClassChangeError'{0x00000000848d4348}: Found class java.lang.Object, but interface was expected> (0x00000000848d4348) 
thrown [s\open\src\hotspot\share\interpreter\linkResolver.cpp, line 863]
Event: 20.513 Thread 0x00000277a54db590 Exception <a 'java/lang/NoSuchMethodError'{0x0000000084686f00}: 'java.lang.Object java.lang.invoke.DirectMethodHandle$Holder.invokeStatic(java.lang.Object, int, java.lang.Object)'> (0x0000000084686f00) 
thrown [s\open\src\hotspot\share\interpreter\linkResolver.cpp, line 796]
Event: 20.805 Thread 0x00000277a54db590 Exception <a 'java/lang/NoSuchMethodError'{0x000000008429ce98}: 'java.lang.Object java.lang.invoke.DirectMethodHandle$Holder.invokeVirtual(java.lang.Object, java.lang.Object, java.lang.Object, java.lang.Object, java.lang.Object, java.lang.Object)'> (0x000000008429ce98) 
thrown [s\open\src\hotspot\share\interpreter\linkResolver.cpp, line 796]
Event: 20.839 Thread 0x00000277a54db590 Exception <a 'java/lang/NoSuchMethodError'{0x000000008411ca90}: 'void java.lang.invoke.DirectMethodHandle$Holder.invokeInterface(java.lang.Object, java.lang.Object, int)'> (0x000000008411ca90) 
thrown [s\open\src\hotspot\share\interpreter\linkResolver.cpp, line 796]
Event: 20.850 Thread 0x00000277a54db590 Exception <a 'java/lang/IncompatibleClassChangeError'{0x000000008415e0c8}: Found class java.lang.Object, but interface was expected> (0x000000008415e0c8) 
thrown [s\open\src\hotspot\share\interpreter\linkResolver.cpp, line 863]
Event: 20.852 Thread 0x00000277a54db590 Exception <a 'java/lang/NoSuchMethodError'{0x000000008416c470}: 'int java.lang.invoke.DirectMethodHandle$Holder.invokeSpecialIFC(java.lang.Object, java.lang.Object, java.lang.Object)'> (0x000000008416c470) 
thrown [s\open\src\hotspot\share\interpreter\linkResolver.cpp, line 796]
Event: 21.048 Thread 0x00000277a54db590 Exception <a 'java/lang/NoSuchMethodError'{0x0000000083d2d568}: 'java.lang.Object java.lang.invoke.DirectMethodHandle$Holder.newInvokeSpecial(java.lang.Object, java.lang.Object, java.lang.Object, java.lang.Object, java.lang.Object, java.lang.Object, java.lang.Object, java.lang.Object)'> (0x0000000083d2d568) 
thrown [s\open\src\hotspot\share\interpreter\linkResolver.cpp, line 796]
Event: 21.605 Thread 0x00000277a54db590 Exception <a 'java/lang/IncompatibleClassChangeError'{0x000000008491d998}: Found class java.lang.Object, but interface was expected> (0x000000008491d998) 
thrown [s\open\src\hotspot\share\interpreter\linkResolver.cpp, line 863]
Event: 21.698 Thread 0x00000277a54db590 Exception <a 'java/lang/NoSuchMethodError'{0x00000000848fe888}: 'void java.lang.invoke.DirectMethodHandle$Holder.invokeVirtual(java.lang.Object, java.lang.Object, long)'> (0x00000000848fe888) 
thrown [s\open\src\hotspot\share\interpreter\linkResolver.cpp, line 796]
Event: 21.920 Thread 0x00000277a54db590 Exception <a 'java/lang/IncompatibleClassChangeError'{0x000000008434b270}: Found class java.lang.Object, but interface was expected> (0x000000008434b270) 
thrown [s\open\src\hotspot\share\interpreter\linkResolver.cpp, line 863]
Event: 22.769 Thread 0x00000277a54db590 Exception <a 'java/lang/NoSuchMethodError'{0x0000000084644178}: 'java.lang.Object java.lang.invoke.DirectMethodHandle$Holder.newInvokeSpecial(java.lang.Object, java.lang.Object, int, java.lang.Object, java.lang.Object)'> (0x0000000084644178) 
thrown [s\open\src\hotspot\share\interpreter\linkResolver.cpp, line 796]
Event: 22.861 Thread 0x00000277a54db590 Exception <a 'java/lang/NoSuchMethodError'{0x0000000084430188}: method resolution failed> (0x0000000084430188) 
thrown [s\open\src\hotspot\share\prims\methodHandles.cpp, line 1145]
Event: 22.971 Thread 0x00000277a54db590 Exception <a 'java/lang/NoSuchMethodError'{0x000000008447a930}: 'void java.lang.invoke.DirectMethodHandle$Holder.invokeStatic(java.lang.Object, long)'> (0x000000008447a930) 
thrown [s\open\src\hotspot\share\interpreter\linkResolver.cpp, line 796]

VM Operations (20 events):
Event: 20.007 Executing VM operation: G1PauseCleanup
Event: 20.007 Executing VM operation: G1PauseCleanup done
Event: 20.267 Executing VM operation: HandshakeAllThreads (Deoptimize)
Event: 20.267 Executing VM operation: HandshakeAllThreads (Deoptimize) done
Event: 21.201 Executing VM operation: HandshakeAllThreads (Deoptimize)
Event: 21.202 Executing VM operation: HandshakeAllThreads (Deoptimize) done
Event: 21.210 Executing VM operation: G1CollectForAllocation (G1 Evacuation Pause)
Event: 21.223 Executing VM operation: G1CollectForAllocation (G1 Evacuation Pause) done
Event: 21.322 Executing VM operation: HandshakeAllThreads (Deoptimize)
Event: 21.323 Executing VM operation: HandshakeAllThreads (Deoptimize) done
Event: 21.324 Executing VM operation: HandshakeAllThreads (Deoptimize)
Event: 21.324 Executing VM operation: HandshakeAllThreads (Deoptimize) done
Event: 21.624 Executing VM operation: HandshakeAllThreads (Deoptimize)
Event: 21.624 Executing VM operation: HandshakeAllThreads (Deoptimize) done
Event: 21.741 Executing VM operation: HandshakeAllThreads (Deoptimize)
Event: 21.741 Executing VM operation: HandshakeAllThreads (Deoptimize) done
Event: 22.141 Executing VM operation: G1CollectForAllocation (G1 Evacuation Pause)
Event: 22.157 Executing VM operation: G1CollectForAllocation (G1 Evacuation Pause) done
Event: 22.479 Executing VM operation: HandshakeAllThreads (Deoptimize)
Event: 22.479 Executing VM operation: HandshakeAllThreads (Deoptimize) done

Memory protections (0 events):
No events

Nmethod flushes (20 events):
Event: 19.980 Thread 0x00000277c19652a0 flushing  nmethod 0x00000277ae164c08
Event: 19.980 Thread 0x00000277c19652a0 flushing  nmethod 0x00000277ae1bb108
Event: 19.980 Thread 0x00000277c19652a0 flushing  nmethod 0x00000277ae1bef08
Event: 19.980 Thread 0x00000277c19652a0 flushing  nmethod 0x00000277ae1d7c08
Event: 19.980 Thread 0x00000277c19652a0 flushing  nmethod 0x00000277ae1d8f88
Event: 19.980 Thread 0x00000277c19652a0 flushing  nmethod 0x00000277ae1df088
Event: 19.980 Thread 0x00000277c19652a0 flushing  nmethod 0x00000277ae1e5c08
Event: 19.980 Thread 0x00000277c19652a0 flushing  nmethod 0x00000277ae1e6308
Event: 19.980 Thread 0x00000277c19652a0 flushing  nmethod 0x00000277ae1e8d88
Event: 19.980 Thread 0x00000277c19652a0 flushing  nmethod 0x00000277ae1e9108
Event: 19.980 Thread 0x00000277c19652a0 flushing  nmethod 0x00000277ae1ea708
Event: 19.980 Thread 0x00000277c19652a0 flushing  nmethod 0x00000277ae1eaf08
Event: 19.980 Thread 0x00000277c19652a0 flushing  nmethod 0x00000277ae1eb708
Event: 19.980 Thread 0x00000277c19652a0 flushing  nmethod 0x00000277ae1ecb08
Event: 19.980 Thread 0x00000277c19652a0 flushing  nmethod 0x00000277ae1fbe08
Event: 19.980 Thread 0x00000277c19652a0 flushing  nmethod 0x00000277ae245e08
Event: 19.980 Thread 0x00000277c19652a0 flushing  nmethod 0x00000277ae262a88
Event: 19.980 Thread 0x00000277c19652a0 flushing  nmethod 0x00000277ae271288
Event: 19.980 Thread 0x00000277c19652a0 flushing  nmethod 0x00000277ae280688
Event: 19.980 Thread 0x00000277c19652a0 flushing  nmethod 0x00000277ae2d6488

Events (20 events):
Event: 0.272 Thread 0x00000277a54db590 Thread added: 0x00000277c1981630
Event: 0.272 Thread 0x00000277a54db590 Thread added: 0x00000277c1982090
Event: 0.272 Thread 0x00000277a54db590 Thread added: 0x00000277c1982af0
Event: 0.272 Thread 0x00000277a54db590 Thread added: 0x00000277c1983550
Event: 0.272 Thread 0x00000277a54db590 Thread added: 0x00000277c19842e0
Event: 0.278 Thread 0x00000277a54db590 Thread added: 0x00000277c19b5830
Event: 1.024 Thread 0x00000277a54db590 Thread added: 0x00000277c1a7c630
Event: 1.155 Thread 0x00000277a54db590 Thread added: 0x00000277c1bb2690
Event: 1.155 Thread 0x00000277a54db590 Thread added: 0x00000277c1bb2d00
Event: 3.614 Thread 0x00000277c1982090 Thread added: 0x000002780762fd30
Event: 3.877 Thread 0x000002780762fd30 Thread added: 0x0000027807507560
Event: 4.077 Thread 0x0000027807507560 Thread added: 0x0000027807ec0a90
Event: 4.113 Thread 0x0000027807507560 Thread added: 0x0000027807e85b70
Event: 7.313 Thread 0x00000277a54db590 Thread added: 0x0000027807ff9000
Event: 8.194 Thread 0x00000277a54db590 Thread added: 0x0000027807ff9690
Event: 8.285 Thread 0x0000027807ff9690 Thread exited: 0x0000027807ff9690
Event: 8.639 Thread 0x0000027807ff9000 Thread exited: 0x0000027807ff9000
Event: 15.420 Thread 0x00000277a54db590 Thread added: 0x0000027808b59860
Event: 15.443 Thread 0x00000277a54db590 Thread added: 0x0000027808b5edb0
Event: 15.557 Thread 0x0000027808b5edb0 Thread added: 0x0000027808b5d370


Dynamic libraries:
0x00007ff65da20000 - 0x00007ff65da2e000 	C:\Users\DELL USER\.jdks\openjdk-23\bin\java.exe
0x00007ffe791a0000 - 0x00007ffe793a9000 	C:\Windows\SYSTEM32\ntdll.dll
0x00007ffe773f0000 - 0x00007ffe774ad000 	C:\Windows\System32\KERNEL32.DLL
0x00007ffe76630000 - 0x00007ffe769b4000 	C:\Windows\System32\KERNELBASE.dll
0x00007ffe76a80000 - 0x00007ffe76b91000 	C:\Windows\System32\ucrtbase.dll
0x00007ffe717f0000 - 0x00007ffe71807000 	C:\Users\DELL USER\.jdks\openjdk-23\bin\jli.dll
0x00007ffe717d0000 - 0x00007ffe717eb000 	C:\Users\DELL USER\.jdks\openjdk-23\bin\VCRUNTIME140.dll
0x00007ffe77f70000 - 0x00007ffe7811d000 	C:\Windows\System32\USER32.dll
0x00007ffe76e50000 - 0x00007ffe76e76000 	C:\Windows\System32\win32u.dll
0x00007ffe79080000 - 0x00007ffe790aa000 	C:\Windows\System32\GDI32.dll
0x00007ffe76ba0000 - 0x00007ffe76cbe000 	C:\Windows\System32\gdi32full.dll
0x00007ffe76cc0000 - 0x00007ffe76d5d000 	C:\Windows\System32\msvcp_win.dll
0x00007ffe75830000 - 0x00007ffe75ad5000 	C:\Windows\WinSxS\amd64_microsoft.windows.common-controls_6595b64144ccf1df_6.0.22000.120_none_9d947278b86cc467\COMCTL32.dll
0x00007ffe77340000 - 0x00007ffe773e3000 	C:\Windows\System32\msvcrt.dll
0x00007ffe78230000 - 0x00007ffe78261000 	C:\Windows\System32\IMM32.DLL
0x00007ffe5e2b0000 - 0x00007ffe5e2bc000 	C:\Users\DELL USER\.jdks\openjdk-23\bin\vcruntime140_1.dll
0x00007ffe3c760000 - 0x00007ffe3c7ee000 	C:\Users\DELL USER\.jdks\openjdk-23\bin\msvcp140.dll
0x00007ffdf9cd0000 - 0x00007ffdfaa1f000 	C:\Users\DELL USER\.jdks\openjdk-23\bin\server\jvm.dll
0x00007ffe77ec0000 - 0x00007ffe77f6e000 	C:\Windows\System32\ADVAPI32.dll
0x00007ffe78190000 - 0x00007ffe7822e000 	C:\Windows\System32\sechost.dll
0x00007ffe771e0000 - 0x00007ffe77301000 	C:\Windows\System32\RPCRT4.dll
0x00007ffe78120000 - 0x00007ffe7818f000 	C:\Windows\System32\WS2_32.dll
0x00007ffe76500000 - 0x00007ffe7654d000 	C:\Windows\SYSTEM32\POWRPROF.dll
0x00007ffe74e80000 - 0x00007ffe74e8a000 	C:\Windows\SYSTEM32\VERSION.dll
0x00007ffe709e0000 - 0x00007ffe70a13000 	C:\Windows\SYSTEM32\WINMM.dll
0x00007ffe76430000 - 0x00007ffe76443000 	C:\Windows\SYSTEM32\UMPDC.dll
0x00007ffe74780000 - 0x00007ffe74798000 	C:\Windows\SYSTEM32\kernel.appcore.dll
0x00007ffe588f0000 - 0x00007ffe588fa000 	C:\Users\DELL USER\.jdks\openjdk-23\bin\jimage.dll
0x00007ffe75ed0000 - 0x00007ffe760f1000 	C:\Windows\SYSTEM32\DBGHELP.DLL
0x00007ffe75da0000 - 0x00007ffe75dd1000 	C:\Windows\SYSTEM32\dbgcore.DLL
0x00007ffe76d60000 - 0x00007ffe76ddf000 	C:\Windows\System32\bcryptPrimitives.dll
0x00007ffe720d0000 - 0x00007ffe720df000 	C:\Users\DELL USER\.jdks\openjdk-23\bin\instrument.dll
0x00007ffe57dc0000 - 0x00007ffe57dde000 	C:\Users\DELL USER\.jdks\openjdk-23\bin\java.dll
0x00007ffe776a0000 - 0x00007ffe7783a000 	C:\Windows\System32\ole32.dll
0x00007ffe77840000 - 0x00007ffe77bb6000 	C:\Windows\System32\combase.dll
0x00007ffe788b0000 - 0x00007ffe79075000 	C:\Windows\System32\SHELL32.dll
0x00007ffe737e0000 - 0x00007ffe74042000 	C:\Windows\SYSTEM32\windows.storage.dll
0x00007ffe73670000 - 0x00007ffe737d7000 	C:\Windows\SYSTEM32\wintypes.dll
0x00007ffe77c30000 - 0x00007ffe77d1a000 	C:\Windows\System32\SHCORE.dll
0x00007ffe77bc0000 - 0x00007ffe77c1d000 	C:\Windows\System32\shlwapi.dll
0x00007ffe76560000 - 0x00007ffe76585000 	C:\Windows\SYSTEM32\profapi.dll
0x00007ffe33c10000 - 0x00007ffe33ce7000 	C:\Users\DELL USER\.jdks\openjdk-23\bin\jsvml.dll
0x00007ffe4fa80000 - 0x00007ffe4fa97000 	C:\Users\DELL USER\.jdks\openjdk-23\bin\zip.dll
0x00007ffe52c30000 - 0x00007ffe52c40000 	C:\Users\DELL USER\.jdks\openjdk-23\bin\net.dll
0x00007ffe74b90000 - 0x00007ffe74bf7000 	C:\Windows\system32\mswsock.dll
0x00007ffe52a30000 - 0x00007ffe52a46000 	C:\Users\DELL USER\.jdks\openjdk-23\bin\nio.dll
0x00007ffe6feb0000 - 0x00007ffe6feca000 	C:\Program Files\JetBrains\IntelliJ IDEA 2024.2.0.1\bin\breakgen64.dll
0x00007ffe4faf0000 - 0x00007ffe4faf9000 	C:\Users\DELL USER\.jdks\openjdk-23\bin\extnet.dll
0x00007ffe74310000 - 0x00007ffe743f7000 	C:\Windows\SYSTEM32\DNSAPI.dll
0x00007ffe742a0000 - 0x00007ffe742cd000 	C:\Windows\SYSTEM32\IPHLPAPI.DLL
0x00007ffe77620000 - 0x00007ffe77629000 	C:\Windows\System32\NSI.dll
0x00007ffe5f4e0000 - 0x00007ffe5f4ea000 	C:\Windows\System32\rasadhlp.dll
0x00007ffe6d280000 - 0x00007ffe6d301000 	C:\Windows\System32\fwpuclnt.dll
0x00007ffe52b30000 - 0x00007ffe52b3a000 	C:\Users\DELL USER\.jdks\openjdk-23\bin\management.dll
0x00007ffe50320000 - 0x00007ffe5032b000 	C:\Users\DELL USER\.jdks\openjdk-23\bin\management_ext.dll
0x00007ffe77310000 - 0x00007ffe77318000 	C:\Windows\System32\PSAPI.DLL
0x00007ffe761e0000 - 0x00007ffe761f8000 	C:\Windows\SYSTEM32\CRYPTSP.dll
0x00007ffe746e0000 - 0x00007ffe74715000 	C:\Windows\system32\rsaenh.dll
0x00007ffe74c30000 - 0x00007ffe74c5c000 	C:\Windows\SYSTEM32\USERENV.dll
0x00007ffe75ea0000 - 0x00007ffe75ec7000 	C:\Windows\SYSTEM32\bcrypt.dll
0x00007ffe74d80000 - 0x00007ffe74d8c000 	C:\Windows\SYSTEM32\CRYPTBASE.dll
0x00007ffe57520000 - 0x00007ffe57537000 	C:\Windows\system32\napinsp.dll
0x00007ffe57500000 - 0x00007ffe5751b000 	C:\Windows\system32\pnrpnsp.dll
0x00007ffe574e0000 - 0x00007ffe574f2000 	C:\Windows\System32\winrnr.dll
0x00007ffe614a0000 - 0x00007ffe614b5000 	C:\Windows\system32\wshbth.dll
0x00007ffe574c0000 - 0x00007ffe574df000 	C:\Windows\system32\nlansp_c.dll
0x00007ffe5a7e0000 - 0x00007ffe5a82f000 	C:\Windows\SYSTEM32\pdh.dll
0x00007ffe5d520000 - 0x00007ffe5d531000 	C:\Windows\System32\perfproc.dll
0x00007ffe57d80000 - 0x00007ffe57d90000 	C:\Windows\System32\perfos.dll
0x00007ffe73100000 - 0x00007ffe7310e000 	C:\Windows\SYSTEM32\pfclient.dll
0x00007ffe4fd80000 - 0x00007ffe4fd8e000 	C:\Users\DELL USER\.jdks\openjdk-23\bin\sunmscapi.dll
0x00007ffe76e80000 - 0x00007ffe76fe2000 	C:\Windows\System32\CRYPT32.dll
0x00007ffe75800000 - 0x00007ffe75828000 	C:\Windows\SYSTEM32\ncrypt.dll
0x00007ffe757c0000 - 0x00007ffe757f7000 	C:\Windows\SYSTEM32\NTASN1.dll
0x00007ffe6fea0000 - 0x00007ffe6feb0000 	C:\Users\DELL USER\.jdks\openjdk-23\bin\verify.dll

dbghelp: loaded successfully - version: 4.0.5 - missing functions: none
symbol engine: initialized successfully - sym options: 0x614 - pdb path: .;C:\Users\DELL USER\.jdks\openjdk-23\bin;C:\Windows\SYSTEM32;C:\Windows\WinSxS\amd64_microsoft.windows.common-controls_6595b64144ccf1df_6.0.22000.120_none_9d947278b86cc467;C:\Users\DELL USER\.jdks\openjdk-23\bin\server;C:\Program Files\JetBrains\IntelliJ IDEA 2024.2.0.1\bin

VM Arguments:
jvm_args: -ea --enable-preview -Didea.test.cyclic.buffer.size=1048576 -javaagent:C:\Program Files\JetBrains\IntelliJ IDEA 2024.2.0.1\lib\idea_rt.jar=54536:C:\Program Files\JetBrains\IntelliJ IDEA 2024.2.0.1\bin -Dfile.encoding=UTF-8 -Dsun.stdout.encoding=UTF-8 -Dsun.stderr.encoding=UTF-8 
java_command: com.intellij.rt.junit.JUnitStarter -ideVersion5 -junit5 com.semicolon.africa.service.UserServiceImplementationTest
java_class_path (initial): C:\Users\DELL USER\.m2\repository\org\junit\platform\junit-platform-launcher\1.11.4\junit-platform-launcher-1.11.4.jar;C:\Program Files\JetBrains\IntelliJ IDEA 2024.2.0.1\lib\idea_rt.jar;C:\Program Files\JetBrains\IntelliJ IDEA 2024.2.0.1\plugins\junit\lib\junit5-rt.jar;C:\Program Files\JetBrains\IntelliJ IDEA 2024.2.0.1\plugins\junit\lib\junit-rt.jar;C:\Users\DELL USER\IdeaProjects\EDUNEST\target\test-classes;C:\Users\DELL USER\IdeaProjects\EDUNEST\target\classes;C:\Users\DELL USER\.m2\repository\org\projectlombok\lombok\1.18.36\lombok-1.18.36.jar;C:\Users\DELL USER\.m2\repository\org\springframework\boot\spring-boot-starter-web\3.4.4\spring-boot-starter-web-3.4.4.jar;C:\Users\DELL USER\.m2\repository\org\springframework\boot\spring-boot-starter\3.4.4\spring-boot-starter-3.4.4.jar;C:\Users\DELL USER\.m2\repository\org\springframework\boot\spring-boot-starter-logging\3.4.4\spring-boot-starter-logging-3.4.4.jar;C:\Users\DELL USER\.m2\repository\ch\qos\logback\logback-classic\1.5.18\logback-classic-1.5.18.jar;C:\Users\DELL USER\.m2\repository\ch\qos\logback\logback-core\1.5.18\logback-core-1.5.18.jar;C:\Users\DELL USER\.m2\repository\org\apache\logging\log4j\log4j-to-slf4j\2.24.3\log4j-to-slf4j-2.24.3.jar;C:\Users\DELL USER\.m2\repository\org\apache\logging\log4j\log4j-api\2.24.3\log4j-api-2.24.3.jar;C:\Users\DELL USER\.m2\repository\org\slf4j\jul-to-slf4j\2.0.17\jul-to-slf4j-2.0.17.jar;C:\Users\DELL USER\.m2\repository\jakarta\annotation\jakarta.annotation-api\2.1.1\jakarta.annotation-api-2.1.1.jar;C:\Users\DELL USER\.m2\repository\org\yaml\snakeyaml\2.3\snakeyaml-2.3.jar;C:\Users\DELL USER\.m2\repository\org\springframework\boot\spring-boot-starter-json\3.4.4\spring-boot-starter-json-3.4.4.jar;C:\Users\DELL USER\.m2\repository\com\fasterxml\jackson\datatype\jackson-datatype-jdk8\2.18.3\jackson-datatype-jdk8-2.18.3.jar;C:\Users\DELL USER\.m2\repository\com\fasterxml\jackson\datatype\jackson-datatype-jsr310\2.18.3\jackson-datatype-jsr310-2.18.3.jar;C:\Users\DELL USER\.m2\repository\com\fasterxml\jackson\module\jackson-module-parameter-names\2.18.3\jackson-module-parameter-names-2.18.3.jar;C:\Users\DELL USER\.m2\repository\org\springframework\boot\spring-boot-starter-tomcat\3.4.4\spring-boot-starter-tomcat-3.4.4.jar;C:\Users\DELL USER\.m2\repository\org\apache\tomcat\embed\tomcat-embed-core\10.1.39\tomcat-embed-core-10.1.39.jar;C:\Users\DELL USER\.m2\repository\org\apache\tomcat\embed\tomcat-embed-el\10.1.39\tomcat-embed-el-10.1.39.jar;C:\Users\DELL USER\.m2\repository\org\apache\tomcat\embed\tomcat-embed-websocket\10.1.39\tomcat-embed-websocket-10.1.39.jar;C:\Users\DELL USER\.m2\repository\org\springframework\spring-web\6.2.5\spring-web-6.2.5.jar;C:\Users\DELL USER\.m2\repository\org\springframework\spring-beans\6.2.5\spring-beans-6.2.5.jar;C:\Users\DELL USER\.m2\repository\io\micrometer\micrometer-observation\1.14.5\micrometer-observation-1.14.5.jar;C:\Users\DELL USER\.m2\repository\io\micrometer\micrometer-commons\1.14.5\micrometer-commons-1.14.5.jar;C:\Users\DELL USER\.m2\repository\org\springframework\spring-webmvc\6.2.5\spring-webmvc-6.2.5.jar;C:\Users\DELL USER\.m2\repository\org\springframework\spring-context\6.2.5\spring-context-6.2.5.jar;C:\Users\DELL USER\.m2\repository\org\springframework\spring-expression\6.2.5\spring-expression-6.2.5.jar;C:\Users\DELL USER\.m2\repository\org\springframework\boot\spring-boot-starter-test\3.4.3\spring-boot-starter-test-3.4.3.jar;C:\Users\DELL USER\.m2\repository\org\springframework\boot\spring-boot-test\3.4.3\spring-boot-test-3.4.3.jar;C:\Users\DELL USER\.m2\repository\org\springframework\boot\spring-boot-test-autoconfigure\3.4.3\spring-boot-test-autoconfigure-3.4.3.jar;C:\Users\DELL USER\.m2\repository\com\jayway\jsonpath\json-path\2.9.0\json-path-2.9.0.jar;C:\Users\DELL USER\.m2\repository\org\slf4j\slf4j-api\2.0.11\slf4j-api-2.0.11.jar;C:\Users\DELL USER\.m2\repository\jakarta\xml\bind\jakarta.xml.bind-api\4.0.2\jakarta.xml.bind-api-4.0.2.jar;C:\Users\DELL USER\.m2\repository\jakarta\activation\jakarta.activation-api\2.1.3\jakarta.activation-api-2.1.3.jar;C:\Users\DELL USER\.m2\repository\net\minidev\json-smart\2.5.2\json-smart-2.5.2.jar;C:\Users\DELL USER\.m2\repository\net\minidev\accessors-smart\2.5.2\accessors-smart-2.5.2.jar;C:\Users\DELL USER\.m2\repository\org\ow2\asm\asm\9.7.1\asm-9.7.1.jar;C:\Users\DELL USER\.m2\repository\org\assertj\assertj-core\3.26.3\assertj-core-3.26.3.jar;C:\Users\DELL USER\.m2\repository\net\bytebuddy\byte-buddy\1.14.18\byte-buddy-1.14.18.jar;C:\Users\DELL USER\.m2\repository\org\awaitility\awaitility\4.2.2\awaitility-4.2.2.jar;C:\Users\DELL USER\.m2\repository\org\hamcrest\hamcrest\2.2\hamcrest-2.2.jar;C:\Users\DELL USER\.m2\repository\org\junit\jupiter\junit-jupiter\5.11.4\junit-jupiter-5.11.4.jar;C:\Users\DELL USER\.m2\repository\org\junit\jupiter\junit-jupiter-api\5.11.4\junit-jupiter-api-5.11.4.jar;C:\Users\DELL USER\.m2\repository\org\opentest4j\opentest4j\1.3.0\opentest4j-1.3.0.jar;C:\Users\DELL USER\.m2\repository\org\junit\platform\junit-platform-commons\1.11.4\junit-platform-commons-1.11.4.jar;C:\Users\DELL USER\.m2\repository\org\apiguardian\apiguardian-api\1.1.2\apiguardian-api-1.1.2.jar;C:\Users\DELL USER\.m2\repository\org\junit\jupiter\junit-jupiter-params\5.11.4\junit-jupiter-params-5.11.4.jar;C:\Users\DELL USER\.m2\repository\org\junit\jupiter\junit-jupiter-engine\5.11.4\junit-jupiter-engine-5.11.4.jar;C:\Users\DELL USER\.m2\repository\org\junit\platform\junit-platform-engine\1.11.4\junit-platform-engine-1.11.4.jar;C:\Users\DELL USER\.m2\repository\org\mockito\mockito-core\5.14.2\mockito-core-5.14.2.jar;C:\Users\DELL USER\.m2\repository\net\bytebuddy\byte-buddy-agent\1.15.4\byte-buddy-agent-1.15.4.jar;C:\Users\DELL USER\.m2\repository\org\objenesis\objenesis\3.3\objenesis-3.3.jar;C:\Users\DELL USER\.m2\repository\org\mockito\mockito-junit-jupiter\5.14.2\mockito-junit-jupiter-5.14.2.jar;C:\Users\DELL USER\.m2\repository\org\skyscreamer\jsonassert\1.5.3\jsonassert-1.5.3.jar;C:\Users\DELL USER\.m2\repository\com\vaadin\external\google\android-json\0.0.20131108.vaadin1\android-json-0.0.20131108.vaadin1.jar;C:\Users\DELL USER\.m2\repository\org\springframework\spring-core\6.2.3\spring-core-6.2.3.jar;C:\Users\DELL USER\.m2\repository\org\springframework\spring-jcl\6.2.3\spring-jcl-6.2.3.jar;C:\Users\DELL USER\.m2\repository\org\springframework\spring-test\6.2.3\spring-test-6.2.3.jar;C:\Users\DELL USER\.m2\repository\org\xmlunit\xmlunit-core\2.10.0\xmlunit-core-2.10.0.jar;C:\Users\DELL USER\.m2\repository\org\springframework\boot\spring-boot-starter-security\3.4.3\spring-boot-starter-security-3.4.3.jar;C:\Users\DELL USER\.m2\repository\org\springframework\spring-aop\6.2.3\spring-aop-6.2.3.jar;C:\Users\DELL USER\.m2\repository\org\springframework\security\spring-security-config\6.4.3\spring-security-config-6.4.3.jar;C:\Users\DELL USER\.m2\repository\org\springframework\security\spring-security-core\6.4.3\spring-security-core-6.4.3.jar;C:\Users\DELL USER\.m2\repository\org\springframework\security\spring-security-crypto\6.4.3\spring-security-crypto-6.4.3.jar;C:\Users\DELL USER\.m2\repository\org\springframework\security\spring-security-web\6.4.3\spring-security-web-6.4.3.jar;C:\Users\DELL USER\.m2\repository\org\springframework\boot\spring-boot-starter-data-jpa\3.4.2\spring-boot-starter-data-jpa-3.4.2.jar;C:\Users\DELL USER\.m2\repository\org\springframework\boot\spring-boot-starter-jdbc\3.4.2\spring-boot-starter-jdbc-3.4.2.jar;C:\Users\DELL USER\.m2\repository\com\zaxxer\HikariCP\5.1.0\HikariCP-5.1.0.jar;C:\Users\DELL USER\.m2\repository\org\springframework\spring-jdbc\6.2.2\spring-jdbc-6.2.2.jar;C:\Users\DELL USER\.m2\repository\org\hibernate\orm\hibernate-core\6.6.5.Final\hibernate-core-6.6.5.Final.jar;C:\Users\DELL USER\.m2\repository\jakarta\persistence\jakarta.persistence-api\3.1.0\jakarta.persistence-api-3.1.0.jar;C:\Users\DELL USER\.m2\repository\jakarta\transaction\jakarta.transaction-api\2.0.1\jakarta.transaction-api-2.0.1.jar;C:\Users\DELL USER\.m2\repository\org\jboss\logging\jboss-logging\3.5.0.Final\jboss-logging-3.5.0.Final.jar;C:\Users\DELL USER\.m2\repository\org\hibernate\common\hibernate-commons-annotations\7.0.3.Final\hibernate-commons-annotations-7.0.3.Final.jar;C:\Users\DELL USER\.m2\repository\io\smallrye\jandex\3.2.0\jandex-3.2.0.jar;C:\Users\DELL USER\.m2\repository\com\fasterxml\classmate\1.5.1\classmate-1.5.1.jar;C:\Users\DELL USER\.m2\repository\org\glassfish\jaxb\jaxb-runtime\4.0.2\jaxb-runtime-4.0.2.jar;C:\Users\DELL USER\.m2\repository\org\glassfish\jaxb\jaxb-core\4.0.2\jaxb-core-4.0.2.jar;C:\Users\DELL USER\.m2\repository\org\eclipse\angus\angus-activation\2.0.0\angus-activation-2.0.0.jar;C:\Users\DELL USER\.m2\repository\org\glassfish\jaxb\txw2\4.0.2\txw2-4.0.2.jar;C:\Users\DELL USER\.m2\repository\com\sun\istack\istack-commons-runtime\4.1.1\istack-commons-runtime-4.1.1.jar;C:\Users\DELL USER\.m2\repository\jakarta\inject\jakarta.inject-api\2.0.1\jakarta.inject-api-2.0.1.jar;C:\Users\DELL USER\.m2\repository\org\antlr\antlr4-runtime\4.13.0\antlr4-runtime-4.13.0.jar;C:\Users\DELL USER\.m2\repository\org\springframework\data\spring-data-jpa\3.4.2\spring-data-jpa-3.4.2.jar;C:\Users\DELL USER\.m2\repository\org\springframework\data\spring-data-commons\3.4.2\spring-data-commons-3.4.2.jar;C:\Users\DELL USER\.m2\repository\org\springframework\spring-orm\6.2.2\spring-orm-6.2.2.jar;C:\Users\DELL USER\.m2\repository\org\springframework\spring-tx\6.2.2\spring-tx-6.2.2.jar;C:\Users\DELL USER\.m2\repository\org\springframework\spring-aspects\6.2.2\spring-aspects-6.2.2.jar;C:\Users\DELL USER\.m2\repository\org\aspectj\aspectjweaver\1.9.22.1\aspectjweaver-1.9.22.1.jar;C:\Users\DELL USER\.m2\repository\org\postgresql\postgresql\42.7.3\postgresql-42.7.3.jar;C:\Users\DELL USER\.m2\repository\org\checkerframework\checker-qual\3.42.0\checker-qual-3.42.0.jar;C:\Users\DELL USER\.m2\repository\org\springframework\boot\spring-boot-devtools\3.4.2\spring-boot-devtools-3.4.2.jar;C:\Users\DELL USER\.m2\repository\org\springframework\boot\spring-boot\3.4.2\spring-boot-3.4.2.jar;C:\Users\DELL USER\.m2\repository\org\springframework\boot\spring-boot-autoconfigure\3.4.2\spring-boot-autoconfigure-3.4.2.jar;C:\Users\DELL USER\.m2\repository\io\jsonwebtoken\jjwt-api\0.12.6\jjwt-api-0.12.6.jar;C:\Users\DELL USER\.m2\repository\io\jsonwebtoken\jjwt-impl\0.12.6\jjwt-impl-0.12.6.jar;C:\Users\DELL USER\.m2\repository\io\jsonwebtoken\jjwt-jackson\0.12.6\jjwt-jackson-0.12.6.jar;C:\Users\DELL USER\.m2\repository\com\fasterxml\jackson\core\jackson-databind\2.15.3\jackson-databind-2.15.3.jar;C:\Users\DELL USER\.m2\repository\com\fasterxml\jackson\core\jackson-core\2.15.3\jackson-core-2.15.3.jar;C:\Users\DELL USER\.m2\repository\com\fasterxml\jackson\core\jackson-annotations\2.15.3\jackson-annotations-2.15.3.jar
Launcher Type: SUN_STANDARD

[Global flags]
     intx CICompilerCount                          = 3                                         {product} {ergonomic}
     uint ConcGCThreads                            = 1                                         {product} {ergonomic}
     uint G1ConcRefinementThreads                  = 4                                         {product} {ergonomic}
   size_t G1HeapRegionSize                         = 1048576                                   {product} {ergonomic}
   size_t InitialHeapSize                          = 134217728                                 {product} {ergonomic}
   size_t MarkStackSize                            = 4194304                                   {product} {ergonomic}
   size_t MarkStackSizeMax                         = 536870912                                 {product} {ergonomic}
   size_t MaxHeapSize                              = 2118123520                                {product} {ergonomic}
   size_t MaxNewSize                               = 1270874112                                {product} {ergonomic}
   size_t MinHeapDeltaBytes                        = 1048576                                   {product} {ergonomic}
   size_t MinHeapSize                              = 8388608                                   {product} {ergonomic}
    uintx NonNMethodCodeHeapSize                   = 5832704                                {pd product} {ergonomic}
    uintx NonProfiledCodeHeapSize                  = 122945536                              {pd product} {ergonomic}
    uintx ProfiledCodeHeapSize                     = 122880000                              {pd product} {ergonomic}
    uintx ReservedCodeCacheSize                    = 251658240                              {pd product} {ergonomic}
     bool SegmentedCodeCache                       = true                                      {product} {ergonomic}
   size_t SoftMaxHeapSize                          = 2118123520                             {manageable} {ergonomic}
     bool UseCompressedOops                        = true                           {product lp64_product} {ergonomic}
     bool UseG1GC                                  = true                                      {product} {ergonomic}
     bool UseLargePagesIndividualAllocation        = false                                  {pd product} {ergonomic}

Logging:
Log output configuration:
 #0: stdout all=warning uptime,level,tags foldmultilines=false
 #1: stderr all=off uptime,level,tags foldmultilines=false

Environment Variables:
JAVA_HOME=C:\Program Files\Java\jdk-22
PATH=C:\Program Files\Common Files\Oracle\Java\javapath;C:\Windows\system32;C:\Windows;C:\Windows\System32\Wbem;C:\Windows\System32\WindowsPowerShell\v1.0\;C:\Windows\System32\OpenSSH\;C:\Program Files\Java\jdk-22\bin;C:\Program Files\nodejs\;C:\Program Files\Go\bin;C:\Program Files\PostgreSQL\17\bin\;C:\Program Files\PostgreSQL\16\bin;C:\Program Files\Git\cmd;C:\Program Files\LLVM\bin;C:\ProgramData\chocolatey\bin;C:\Users\samibyrone\.cargo\bin;C:\Users\DELL USER\Downloads\sui-mainnet-v1.44.3-windows-x86_64;C:\Users\DELL USER\AppData\Local\Programs\Python\Python313\Scripts\;C:\Users\DELL USER\AppData\Local\Programs\Python\Python313\;C:\Users\DELL USER\.cargo\bin;C:\Program Files\Common Files\Oracle\Java\javapath;C:\Windows\system32;C:\Windows;C:\Windows\System32\Wbem;C:\Windows\System32\WindowsPowerShell\v1.0\;C:\Windows\System32\OpenSSH\;C:\Program Files\Java\jdk-22\bin;C:\Program Files\nodejs\;C:\Program Files\Go\bin;C:\Program Files\PostgreSQL\17\bin\;C:\Program Files\PostgreSQL\16\bin;C:\Program Files\Git\cmd;C:\Program Files\LLVM\bin;C:\ProgramData\chocolatey\bin;C:\Users\samibyrone\.cargo\bin;C:\Users\DELL USER\Downloads\sui-mainnet-v1.44.3-windows-x86_64;;C:\Program Files (x86)\Microsoft Visual Studio\2019\Community\VC\Tools\MSVC\14.29.30133\bin\Hostx64\x64;C:\Users\DELL USER\AppData\Local\Programs\Microsoft VS Code\bin
USERNAME=DELL USER
OS=Windows_NT
PROCESSOR_IDENTIFIER=Intel64 Family 6 Model 78 Stepping 3, GenuineIntel
TMP=C:\Users\DELLUS~1\AppData\Local\Temp
TEMP=C:\Users\DELLUS~1\AppData\Local\Temp




Periodic native trim disabled

---------------  S Y S T E M  ---------------

OS:
 Windows 11 , 64 bit Build 22000 (10.0.22000.2538)
OS uptime: 7 days 19:33 hours
Hyper-V role detected

CPU: total 4 (initial active 4) (2 cores per cpu, 2 threads per core) family 6 model 78 stepping 3 microcode 0xd6, cx8, cmov, fxsr, ht, mmx, 3dnowpref, sse, sse2, sse3, ssse3, sse4.1, sse4.2, popcnt, lzcnt, tsc, tscinvbit, avx, avx2, aes, erms, clmul, bmi1, bmi2, rtm, adx, fma, vzeroupper, clflush, clflushopt, hv, rdtscp, f16c
Processor Information for the first 4 processors :
  Max Mhz: 2501, Current Mhz: 2501, Mhz Limit: 2501

Memory: 4k page, system-wide physical 8076M (185M free)
TotalPageFile size 32652M (AvailPageFile size 62M)
current process WorkingSet (physical memory assigned to process): 246M, peak: 246M
current process commit charge ("private bytes"): 278M, peak: 279M

vm_info: OpenJDK 64-Bit Server VM (23+37-2369) for windows-amd64 JRE (23+37-2369), built on 2024-08-20T16:01:23Z with MS VC++ 17.6 (VS2022)

END.
